{
  "/Users/oddur/Code/ds0/packages/core/src/check.ts": {
    "path": "/Users/oddur/Code/ds0/packages/core/src/check.ts",
    "all": false,
    "statementMap": {
      "0": { "start": { "line": 1, "column": 0 }, "end": { "line": 1, "column": 45 } },
      "1": { "start": { "line": 2, "column": 0 }, "end": { "line": 2, "column": 47 } },
      "2": { "start": { "line": 3, "column": 0 }, "end": { "line": 3, "column": 8 } },
      "38": { "start": { "line": 39, "column": 0 }, "end": { "line": 39, "column": 32 } },
      "39": { "start": { "line": 40, "column": 0 }, "end": { "line": 40, "column": 6 } },
      "40": { "start": { "line": 41, "column": 0 }, "end": { "line": 41, "column": 9 } },
      "41": { "start": { "line": 42, "column": 0 }, "end": { "line": 42, "column": 9 } },
      "42": { "start": { "line": 43, "column": 0 }, "end": { "line": 43, "column": 12 } },
      "43": { "start": { "line": 44, "column": 0 }, "end": { "line": 44, "column": 12 } },
      "44": { "start": { "line": 45, "column": 0 }, "end": { "line": 45, "column": 10 } },
      "45": { "start": { "line": 46, "column": 0 }, "end": { "line": 46, "column": 11 } },
      "46": { "start": { "line": 47, "column": 0 }, "end": { "line": 47, "column": 17 } },
      "47": { "start": { "line": 48, "column": 0 }, "end": { "line": 48, "column": 17 } },
      "48": { "start": { "line": 49, "column": 0 }, "end": { "line": 49, "column": 16 } },
      "49": { "start": { "line": 50, "column": 0 }, "end": { "line": 50, "column": 9 } },
      "50": { "start": { "line": 51, "column": 0 }, "end": { "line": 51, "column": 8 } },
      "51": { "start": { "line": 52, "column": 0 }, "end": { "line": 52, "column": 3 } },
      "53": { "start": { "line": 54, "column": 0 }, "end": { "line": 54, "column": 64 } },
      "56": { "start": { "line": 57, "column": 0 }, "end": { "line": 57, "column": 34 } },
      "57": { "start": { "line": 58, "column": 0 }, "end": { "line": 58, "column": 10 } },
      "58": { "start": { "line": 59, "column": 0 }, "end": { "line": 59, "column": 15 } },
      "59": { "start": { "line": 60, "column": 0 }, "end": { "line": 60, "column": 14 } },
      "60": { "start": { "line": 61, "column": 0 }, "end": { "line": 61, "column": 12 } },
      "61": { "start": { "line": 62, "column": 0 }, "end": { "line": 62, "column": 12 } },
      "62": { "start": { "line": 63, "column": 0 }, "end": { "line": 63, "column": 14 } },
      "63": { "start": { "line": 64, "column": 0 }, "end": { "line": 64, "column": 13 } },
      "64": { "start": { "line": 65, "column": 0 }, "end": { "line": 65, "column": 18 } },
      "65": { "start": { "line": 66, "column": 0 }, "end": { "line": 66, "column": 17 } },
      "66": { "start": { "line": 67, "column": 0 }, "end": { "line": 67, "column": 15 } },
      "67": { "start": { "line": 68, "column": 0 }, "end": { "line": 68, "column": 9 } },
      "68": { "start": { "line": 69, "column": 0 }, "end": { "line": 69, "column": 10 } },
      "69": { "start": { "line": 70, "column": 0 }, "end": { "line": 70, "column": 3 } },
      "71": { "start": { "line": 72, "column": 0 }, "end": { "line": 72, "column": 33 } },
      "72": { "start": { "line": 73, "column": 0 }, "end": { "line": 73, "column": 8 } },
      "73": { "start": { "line": 74, "column": 0 }, "end": { "line": 74, "column": 9 } },
      "74": { "start": { "line": 75, "column": 0 }, "end": { "line": 75, "column": 8 } },
      "75": { "start": { "line": 76, "column": 0 }, "end": { "line": 76, "column": 9 } },
      "76": { "start": { "line": 77, "column": 0 }, "end": { "line": 77, "column": 10 } },
      "77": { "start": { "line": 78, "column": 0 }, "end": { "line": 78, "column": 10 } },
      "78": { "start": { "line": 79, "column": 0 }, "end": { "line": 79, "column": 8 } },
      "79": { "start": { "line": 80, "column": 0 }, "end": { "line": 80, "column": 8 } },
      "80": { "start": { "line": 81, "column": 0 }, "end": { "line": 81, "column": 8 } },
      "81": { "start": { "line": 82, "column": 0 }, "end": { "line": 82, "column": 10 } },
      "82": { "start": { "line": 83, "column": 0 }, "end": { "line": 83, "column": 3 } },
      "85": { "start": { "line": 86, "column": 0 }, "end": { "line": 86, "column": 34 } },
      "86": { "start": { "line": 87, "column": 0 }, "end": { "line": 87, "column": 10 } },
      "87": { "start": { "line": 88, "column": 0 }, "end": { "line": 88, "column": 21 } },
      "88": { "start": { "line": 89, "column": 0 }, "end": { "line": 89, "column": 17 } },
      "89": { "start": { "line": 90, "column": 0 }, "end": { "line": 90, "column": 21 } },
      "90": { "start": { "line": 91, "column": 0 }, "end": { "line": 91, "column": 23 } },
      "91": { "start": { "line": 92, "column": 0 }, "end": { "line": 92, "column": 24 } },
      "92": { "start": { "line": 93, "column": 0 }, "end": { "line": 93, "column": 22 } },
      "93": { "start": { "line": 94, "column": 0 }, "end": { "line": 94, "column": 18 } },
      "94": { "start": { "line": 95, "column": 0 }, "end": { "line": 95, "column": 26 } },
      "95": { "start": { "line": 96, "column": 0 }, "end": { "line": 96, "column": 16 } },
      "96": { "start": { "line": 97, "column": 0 }, "end": { "line": 97, "column": 17 } },
      "97": { "start": { "line": 98, "column": 0 }, "end": { "line": 98, "column": 9 } },
      "98": { "start": { "line": 99, "column": 0 }, "end": { "line": 99, "column": 11 } },
      "99": { "start": { "line": 100, "column": 0 }, "end": { "line": 100, "column": 15 } },
      "100": { "start": { "line": 101, "column": 0 }, "end": { "line": 101, "column": 22 } },
      "101": { "start": { "line": 102, "column": 0 }, "end": { "line": 102, "column": 3 } },
      "104": { "start": { "line": 105, "column": 0 }, "end": { "line": 105, "column": 66 } },
      "105": { "start": { "line": 106, "column": 0 }, "end": { "line": 106, "column": 6 } },
      "106": { "start": { "line": 107, "column": 0 }, "end": { "line": 107, "column": 13 } },
      "107": { "start": { "line": 108, "column": 0 }, "end": { "line": 108, "column": 17 } },
      "108": { "start": { "line": 109, "column": 0 }, "end": { "line": 109, "column": 19 } },
      "109": { "start": { "line": 110, "column": 0 }, "end": { "line": 110, "column": 20 } },
      "110": { "start": { "line": 111, "column": 0 }, "end": { "line": 111, "column": 18 } },
      "111": { "start": { "line": 112, "column": 0 }, "end": { "line": 112, "column": 14 } },
      "112": { "start": { "line": 113, "column": 0 }, "end": { "line": 113, "column": 18 } },
      "113": { "start": { "line": 114, "column": 0 }, "end": { "line": 114, "column": 20 } },
      "114": { "start": { "line": 115, "column": 0 }, "end": { "line": 115, "column": 21 } },
      "115": { "start": { "line": 116, "column": 0 }, "end": { "line": 116, "column": 19 } },
      "116": { "start": { "line": 117, "column": 0 }, "end": { "line": 117, "column": 10 } },
      "117": { "start": { "line": 118, "column": 0 }, "end": { "line": 118, "column": 14 } },
      "118": { "start": { "line": 119, "column": 0 }, "end": { "line": 119, "column": 17 } },
      "119": { "start": { "line": 120, "column": 0 }, "end": { "line": 120, "column": 12 } },
      "120": { "start": { "line": 121, "column": 0 }, "end": { "line": 121, "column": 10 } },
      "121": { "start": { "line": 122, "column": 0 }, "end": { "line": 122, "column": 12 } },
      "122": { "start": { "line": 123, "column": 0 }, "end": { "line": 123, "column": 13 } },
      "123": { "start": { "line": 124, "column": 0 }, "end": { "line": 124, "column": 11 } },
      "124": { "start": { "line": 125, "column": 0 }, "end": { "line": 125, "column": 20 } },
      "125": { "start": { "line": 126, "column": 0 }, "end": { "line": 126, "column": 19 } },
      "126": { "start": { "line": 127, "column": 0 }, "end": { "line": 127, "column": 21 } },
      "127": { "start": { "line": 128, "column": 0 }, "end": { "line": 128, "column": 20 } },
      "128": { "start": { "line": 129, "column": 0 }, "end": { "line": 129, "column": 39 } },
      "129": { "start": { "line": 130, "column": 0 }, "end": { "line": 130, "column": 6 } },
      "130": { "start": { "line": 131, "column": 0 }, "end": { "line": 131, "column": 20 } },
      "131": { "start": { "line": 132, "column": 0 }, "end": { "line": 132, "column": 29 } },
      "132": { "start": { "line": 133, "column": 0 }, "end": { "line": 133, "column": 30 } },
      "133": { "start": { "line": 134, "column": 0 }, "end": { "line": 134, "column": 32 } },
      "134": { "start": { "line": 135, "column": 0 }, "end": { "line": 135, "column": 33 } },
      "135": { "start": { "line": 136, "column": 0 }, "end": { "line": 136, "column": 39 } },
      "136": { "start": { "line": 137, "column": 0 }, "end": { "line": 137, "column": 29 } },
      "137": { "start": { "line": 138, "column": 0 }, "end": { "line": 138, "column": 3 } },
      "143": { "start": { "line": 144, "column": 0 }, "end": { "line": 144, "column": 99 } },
      "144": { "start": { "line": 145, "column": 0 }, "end": { "line": 145, "column": 37 } },
      "145": { "start": { "line": 146, "column": 0 }, "end": { "line": 146, "column": 38 } },
      "146": { "start": { "line": 147, "column": 0 }, "end": { "line": 147, "column": 83 } },
      "147": { "start": { "line": 148, "column": 0 }, "end": { "line": 148, "column": 54 } },
      "148": { "start": { "line": 149, "column": 0 }, "end": { "line": 149, "column": 36 } },
      "151": { "start": { "line": 152, "column": 0 }, "end": { "line": 152, "column": 50 } },
      "152": { "start": { "line": 153, "column": 0 }, "end": { "line": 153, "column": 28 } },
      "154": { "start": { "line": 155, "column": 0 }, "end": { "line": 155, "column": 25 } },
      "156": { "start": { "line": 157, "column": 0 }, "end": { "line": 157, "column": 83 } },
      "157": { "start": { "line": 158, "column": 0 }, "end": { "line": 158, "column": 42 } },
      "158": { "start": { "line": 159, "column": 0 }, "end": { "line": 159, "column": 19 } },
      "159": { "start": { "line": 160, "column": 0 }, "end": { "line": 160, "column": 5 } },
      "162": { "start": { "line": 163, "column": 0 }, "end": { "line": 163, "column": 59 } },
      "163": { "start": { "line": 164, "column": 0 }, "end": { "line": 164, "column": 40 } },
      "164": { "start": { "line": 165, "column": 0 }, "end": { "line": 165, "column": 10 } },
      "165": { "start": { "line": 166, "column": 0 }, "end": { "line": 166, "column": 15 } },
      "166": { "start": { "line": 167, "column": 0 }, "end": { "line": 167, "column": 36 } },
      "167": { "start": { "line": 168, "column": 0 }, "end": { "line": 168, "column": 38 } },
      "168": { "start": { "line": 169, "column": 0 }, "end": { "line": 169, "column": 33 } },
      "169": { "start": { "line": 170, "column": 0 }, "end": { "line": 170, "column": 9 } },
      "170": { "start": { "line": 171, "column": 0 }, "end": { "line": 171, "column": 25 } },
      "171": { "start": { "line": 172, "column": 0 }, "end": { "line": 172, "column": 35 } },
      "172": { "start": { "line": 173, "column": 0 }, "end": { "line": 173, "column": 22 } },
      "173": { "start": { "line": 174, "column": 0 }, "end": { "line": 174, "column": 25 } },
      "174": { "start": { "line": 175, "column": 0 }, "end": { "line": 175, "column": 79 } },
      "175": { "start": { "line": 176, "column": 0 }, "end": { "line": 176, "column": 34 } },
      "176": { "start": { "line": 177, "column": 0 }, "end": { "line": 177, "column": 43 } },
      "177": { "start": { "line": 178, "column": 0 }, "end": { "line": 178, "column": 11 } },
      "178": { "start": { "line": 179, "column": 0 }, "end": { "line": 179, "column": 7 } },
      "179": { "start": { "line": 180, "column": 0 }, "end": { "line": 180, "column": 57 } },
      "180": { "start": { "line": 181, "column": 0 }, "end": { "line": 181, "column": 5 } },
      "183": { "start": { "line": 184, "column": 0 }, "end": { "line": 184, "column": 84 } },
      "184": { "start": { "line": 185, "column": 0 }, "end": { "line": 185, "column": 50 } },
      "185": { "start": { "line": 186, "column": 0 }, "end": { "line": 186, "column": 43 } },
      "186": { "start": { "line": 187, "column": 0 }, "end": { "line": 187, "column": 19 } },
      "187": { "start": { "line": 188, "column": 0 }, "end": { "line": 188, "column": 5 } },
      "188": { "start": { "line": 189, "column": 0 }, "end": { "line": 189, "column": 31 } },
      "189": { "start": { "line": 190, "column": 0 }, "end": { "line": 190, "column": 30 } },
      "190": { "start": { "line": 191, "column": 0 }, "end": { "line": 191, "column": 57 } },
      "191": { "start": { "line": 192, "column": 0 }, "end": { "line": 192, "column": 43 } },
      "192": { "start": { "line": 193, "column": 0 }, "end": { "line": 193, "column": 42 } },
      "193": { "start": { "line": 194, "column": 0 }, "end": { "line": 194, "column": 15 } },
      "194": { "start": { "line": 195, "column": 0 }, "end": { "line": 195, "column": 7 } },
      "195": { "start": { "line": 196, "column": 0 }, "end": { "line": 196, "column": 59 } },
      "196": { "start": { "line": 197, "column": 0 }, "end": { "line": 197, "column": 42 } },
      "197": { "start": { "line": 198, "column": 0 }, "end": { "line": 198, "column": 15 } },
      "198": { "start": { "line": 199, "column": 0 }, "end": { "line": 199, "column": 7 } },
      "200": { "start": { "line": 201, "column": 0 }, "end": { "line": 201, "column": 51 } },
      "201": { "start": { "line": 202, "column": 0 }, "end": { "line": 202, "column": 59 } },
      "202": { "start": { "line": 203, "column": 0 }, "end": { "line": 203, "column": 65 } },
      "203": { "start": { "line": 204, "column": 0 }, "end": { "line": 204, "column": 88 } },
      "204": { "start": { "line": 205, "column": 0 }, "end": { "line": 205, "column": 25 } },
      "205": { "start": { "line": 206, "column": 0 }, "end": { "line": 206, "column": 32 } },
      "206": { "start": { "line": 207, "column": 0 }, "end": { "line": 207, "column": 22 } },
      "207": { "start": { "line": 208, "column": 0 }, "end": { "line": 208, "column": 25 } },
      "208": { "start": { "line": 209, "column": 0 }, "end": { "line": 209, "column": 18 } },
      "209": { "start": { "line": 210, "column": 0 }, "end": { "line": 210, "column": 34 } },
      "210": { "start": { "line": 211, "column": 0 }, "end": { "line": 211, "column": 51 } },
      "211": { "start": { "line": 212, "column": 0 }, "end": { "line": 212, "column": 11 } },
      "212": { "start": { "line": 213, "column": 0 }, "end": { "line": 213, "column": 7 } },
      "213": { "start": { "line": 214, "column": 0 }, "end": { "line": 214, "column": 5 } },
      "214": { "start": { "line": 215, "column": 0 }, "end": { "line": 215, "column": 11 } },
      "215": { "start": { "line": 216, "column": 0 }, "end": { "line": 216, "column": 5 } },
      "217": { "start": { "line": 218, "column": 0 }, "end": { "line": 218, "column": 66 } },
      "218": { "start": { "line": 219, "column": 0 }, "end": { "line": 219, "column": 64 } },
      "219": { "start": { "line": 220, "column": 0 }, "end": { "line": 220, "column": 90 } },
      "220": { "start": { "line": 221, "column": 0 }, "end": { "line": 221, "column": 21 } },
      "221": { "start": { "line": 222, "column": 0 }, "end": { "line": 222, "column": 27 } },
      "222": { "start": { "line": 223, "column": 0 }, "end": { "line": 223, "column": 21 } },
      "223": { "start": { "line": 224, "column": 0 }, "end": { "line": 224, "column": 21 } },
      "224": { "start": { "line": 225, "column": 0 }, "end": { "line": 225, "column": 14 } },
      "225": { "start": { "line": 226, "column": 0 }, "end": { "line": 226, "column": 25 } },
      "226": { "start": { "line": 227, "column": 0 }, "end": { "line": 227, "column": 38 } },
      "227": { "start": { "line": 228, "column": 0 }, "end": { "line": 228, "column": 7 } },
      "228": { "start": { "line": 229, "column": 0 }, "end": { "line": 229, "column": 3 } },
      "230": { "start": { "line": 231, "column": 0 }, "end": { "line": 231, "column": 20 } },
      "231": { "start": { "line": 232, "column": 0 }, "end": { "line": 232, "column": 1 } },
      "234": { "start": { "line": 235, "column": 0 }, "end": { "line": 235, "column": 22 } },
      "235": { "start": { "line": 236, "column": 0 }, "end": { "line": 236, "column": 31 } },
      "236": { "start": { "line": 237, "column": 0 }, "end": { "line": 237, "column": 26 } },
      "237": { "start": { "line": 238, "column": 0 }, "end": { "line": 238, "column": 20 } },
      "238": { "start": { "line": 239, "column": 0 }, "end": { "line": 239, "column": 9 } },
      "239": { "start": { "line": 240, "column": 0 }, "end": { "line": 240, "column": 40 } },
      "240": { "start": { "line": 241, "column": 0 }, "end": { "line": 241, "column": 65 } },
      "241": { "start": { "line": 242, "column": 0 }, "end": { "line": 242, "column": 38 } },
      "242": { "start": { "line": 243, "column": 0 }, "end": { "line": 243, "column": 8 } },
      "243": { "start": { "line": 244, "column": 0 }, "end": { "line": 244, "column": 13 } },
      "244": { "start": { "line": 245, "column": 0 }, "end": { "line": 245, "column": 34 } },
      "245": { "start": { "line": 246, "column": 0 }, "end": { "line": 246, "column": 36 } },
      "246": { "start": { "line": 247, "column": 0 }, "end": { "line": 247, "column": 31 } },
      "247": { "start": { "line": 248, "column": 0 }, "end": { "line": 248, "column": 7 } },
      "248": { "start": { "line": 249, "column": 0 }, "end": { "line": 249, "column": 23 } },
      "249": { "start": { "line": 250, "column": 0 }, "end": { "line": 250, "column": 33 } },
      "250": { "start": { "line": 251, "column": 0 }, "end": { "line": 251, "column": 20 } },
      "251": { "start": { "line": 252, "column": 0 }, "end": { "line": 252, "column": 21 } },
      "252": { "start": { "line": 253, "column": 0 }, "end": { "line": 253, "column": 77 } },
      "253": { "start": { "line": 254, "column": 0 }, "end": { "line": 254, "column": 32 } },
      "254": { "start": { "line": 255, "column": 0 }, "end": { "line": 255, "column": 41 } },
      "255": { "start": { "line": 256, "column": 0 }, "end": { "line": 256, "column": 9 } },
      "256": { "start": { "line": 257, "column": 0 }, "end": { "line": 257, "column": 5 } },
      "257": { "start": { "line": 258, "column": 0 }, "end": { "line": 258, "column": 5 } },
      "258": { "start": { "line": 259, "column": 0 }, "end": { "line": 259, "column": 1 } },
      "261": { "start": { "line": 262, "column": 0 }, "end": { "line": 262, "column": 97 } },
      "262": { "start": { "line": 263, "column": 0 }, "end": { "line": 263, "column": 31 } },
      "263": { "start": { "line": 264, "column": 0 }, "end": { "line": 264, "column": 94 } },
      "265": { "start": { "line": 266, "column": 0 }, "end": { "line": 266, "column": 31 } },
      "266": { "start": { "line": 267, "column": 0 }, "end": { "line": 267, "column": 89 } },
      "267": { "start": { "line": 268, "column": 0 }, "end": { "line": 268, "column": 87 } },
      "268": { "start": { "line": 269, "column": 0 }, "end": { "line": 269, "column": 55 } },
      "269": { "start": { "line": 270, "column": 0 }, "end": { "line": 270, "column": 46 } },
      "270": { "start": { "line": 271, "column": 0 }, "end": { "line": 271, "column": 92 } },
      "271": { "start": { "line": 272, "column": 0 }, "end": { "line": 272, "column": 12 } },
      "272": { "start": { "line": 273, "column": 0 }, "end": { "line": 273, "column": 26 } },
      "273": { "start": { "line": 274, "column": 0 }, "end": { "line": 274, "column": 21 } },
      "274": { "start": { "line": 275, "column": 0 }, "end": { "line": 275, "column": 21 } },
      "275": { "start": { "line": 276, "column": 0 }, "end": { "line": 276, "column": 71 } },
      "276": { "start": { "line": 277, "column": 0 }, "end": { "line": 277, "column": 14 } },
      "277": { "start": { "line": 278, "column": 0 }, "end": { "line": 278, "column": 32 } },
      "278": { "start": { "line": 279, "column": 0 }, "end": { "line": 279, "column": 64 } },
      "279": { "start": { "line": 280, "column": 0 }, "end": { "line": 280, "column": 10 } },
      "280": { "start": { "line": 281, "column": 0 }, "end": { "line": 281, "column": 15 } },
      "281": { "start": { "line": 282, "column": 0 }, "end": { "line": 282, "column": 43 } },
      "282": { "start": { "line": 283, "column": 0 }, "end": { "line": 283, "column": 6 } },
      "283": { "start": { "line": 284, "column": 0 }, "end": { "line": 284, "column": 3 } },
      "285": { "start": { "line": 286, "column": 0 }, "end": { "line": 286, "column": 60 } },
      "286": { "start": { "line": 287, "column": 0 }, "end": { "line": 287, "column": 55 } },
      "287": { "start": { "line": 288, "column": 0 }, "end": { "line": 288, "column": 46 } },
      "288": { "start": { "line": 289, "column": 0 }, "end": { "line": 289, "column": 35 } },
      "289": { "start": { "line": 290, "column": 0 }, "end": { "line": 290, "column": 24 } },
      "290": { "start": { "line": 291, "column": 0 }, "end": { "line": 291, "column": 14 } },
      "291": { "start": { "line": 292, "column": 0 }, "end": { "line": 292, "column": 66 } },
      "292": { "start": { "line": 293, "column": 0 }, "end": { "line": 293, "column": 82 } },
      "293": { "start": { "line": 294, "column": 0 }, "end": { "line": 294, "column": 9 } },
      "294": { "start": { "line": 295, "column": 0 }, "end": { "line": 295, "column": 46 } },
      "295": { "start": { "line": 296, "column": 0 }, "end": { "line": 296, "column": 19 } },
      "296": { "start": { "line": 297, "column": 0 }, "end": { "line": 297, "column": 12 } },
      "297": { "start": { "line": 298, "column": 0 }, "end": { "line": 298, "column": 26 } },
      "298": { "start": { "line": 299, "column": 0 }, "end": { "line": 299, "column": 21 } },
      "299": { "start": { "line": 300, "column": 0 }, "end": { "line": 300, "column": 21 } },
      "300": { "start": { "line": 301, "column": 0 }, "end": { "line": 301, "column": 14 } },
      "301": { "start": { "line": 302, "column": 0 }, "end": { "line": 302, "column": 15 } },
      "302": { "start": { "line": 303, "column": 0 }, "end": { "line": 303, "column": 44 } },
      "303": { "start": { "line": 304, "column": 0 }, "end": { "line": 304, "column": 6 } },
      "304": { "start": { "line": 305, "column": 0 }, "end": { "line": 305, "column": 3 } },
      "306": { "start": { "line": 307, "column": 0 }, "end": { "line": 307, "column": 30 } },
      "307": { "start": { "line": 308, "column": 0 }, "end": { "line": 308, "column": 50 } },
      "308": { "start": { "line": 309, "column": 0 }, "end": { "line": 309, "column": 46 } },
      "309": { "start": { "line": 310, "column": 0 }, "end": { "line": 310, "column": 41 } },
      "310": { "start": { "line": 311, "column": 0 }, "end": { "line": 311, "column": 35 } },
      "311": { "start": { "line": 312, "column": 0 }, "end": { "line": 312, "column": 23 } },
      "312": { "start": { "line": 313, "column": 0 }, "end": { "line": 313, "column": 75 } },
      "313": { "start": { "line": 314, "column": 0 }, "end": { "line": 314, "column": 16 } },
      "314": { "start": { "line": 315, "column": 0 }, "end": { "line": 315, "column": 16 } },
      "315": { "start": { "line": 316, "column": 0 }, "end": { "line": 316, "column": 19 } },
      "316": { "start": { "line": 317, "column": 0 }, "end": { "line": 317, "column": 75 } },
      "317": { "start": { "line": 318, "column": 0 }, "end": { "line": 318, "column": 10 } },
      "318": { "start": { "line": 319, "column": 0 }, "end": { "line": 319, "column": 8 } },
      "319": { "start": { "line": 320, "column": 0 }, "end": { "line": 320, "column": 46 } },
      "320": { "start": { "line": 321, "column": 0 }, "end": { "line": 321, "column": 19 } },
      "321": { "start": { "line": 322, "column": 0 }, "end": { "line": 322, "column": 12 } },
      "322": { "start": { "line": 323, "column": 0 }, "end": { "line": 323, "column": 28 } },
      "323": { "start": { "line": 324, "column": 0 }, "end": { "line": 324, "column": 21 } },
      "324": { "start": { "line": 325, "column": 0 }, "end": { "line": 325, "column": 21 } },
      "325": { "start": { "line": 326, "column": 0 }, "end": { "line": 326, "column": 14 } },
      "326": { "start": { "line": 327, "column": 0 }, "end": { "line": 327, "column": 15 } },
      "327": { "start": { "line": 328, "column": 0 }, "end": { "line": 328, "column": 32 } },
      "328": { "start": { "line": 329, "column": 0 }, "end": { "line": 329, "column": 6 } },
      "329": { "start": { "line": 330, "column": 0 }, "end": { "line": 330, "column": 3 } },
      "331": { "start": { "line": 332, "column": 0 }, "end": { "line": 332, "column": 19 } },
      "332": { "start": { "line": 333, "column": 0 }, "end": { "line": 333, "column": 1 } },
      "334": { "start": { "line": 335, "column": 0 }, "end": { "line": 335, "column": 49 } },
      "335": { "start": { "line": 336, "column": 0 }, "end": { "line": 336, "column": 55 } },
      "336": { "start": { "line": 337, "column": 0 }, "end": { "line": 337, "column": 1 } },
      "339": { "start": { "line": 340, "column": 0 }, "end": { "line": 340, "column": 49 } },
      "340": { "start": { "line": 341, "column": 0 }, "end": { "line": 341, "column": 72 } },
      "341": { "start": { "line": 342, "column": 0 }, "end": { "line": 342, "column": 1 } },
      "343": { "start": { "line": 344, "column": 0 }, "end": { "line": 344, "column": 59 } },
      "344": { "start": { "line": 345, "column": 0 }, "end": { "line": 345, "column": 46 } },
      "345": { "start": { "line": 346, "column": 0 }, "end": { "line": 346, "column": 14 } },
      "346": { "start": { "line": 347, "column": 0 }, "end": { "line": 347, "column": 78 } },
      "347": { "start": { "line": 348, "column": 0 }, "end": { "line": 348, "column": 13 } },
      "348": { "start": { "line": 349, "column": 0 }, "end": { "line": 349, "column": 1 } },
      "351": { "start": { "line": 352, "column": 0 }, "end": { "line": 352, "column": 55 } },
      "352": { "start": { "line": 353, "column": 0 }, "end": { "line": 353, "column": 28 } },
      "353": { "start": { "line": 354, "column": 0 }, "end": { "line": 354, "column": 12 } },
      "354": { "start": { "line": 355, "column": 0 }, "end": { "line": 355, "column": 98 } },
      "355": { "start": { "line": 356, "column": 0 }, "end": { "line": 356, "column": 14 } },
      "356": { "start": { "line": 357, "column": 0 }, "end": { "line": 357, "column": 29 } },
      "357": { "start": { "line": 358, "column": 0 }, "end": { "line": 358, "column": 72 } },
      "358": { "start": { "line": 359, "column": 0 }, "end": { "line": 359, "column": 34 } },
      "359": { "start": { "line": 360, "column": 0 }, "end": { "line": 360, "column": 114 } },
      "360": { "start": { "line": 361, "column": 0 }, "end": { "line": 361, "column": 39 } },
      "361": { "start": { "line": 362, "column": 0 }, "end": { "line": 362, "column": 46 } },
      "362": { "start": { "line": 363, "column": 0 }, "end": { "line": 363, "column": 88 } },
      "363": { "start": { "line": 364, "column": 0 }, "end": { "line": 364, "column": 34 } },
      "364": { "start": { "line": 365, "column": 0 }, "end": { "line": 365, "column": 1 } }
    },
    "s": {
      "0": 1,
      "1": 1,
      "2": 1,
      "38": 1,
      "39": 1,
      "40": 1,
      "41": 1,
      "42": 1,
      "43": 1,
      "44": 1,
      "45": 1,
      "46": 1,
      "47": 1,
      "48": 1,
      "49": 1,
      "50": 1,
      "51": 1,
      "53": 1,
      "56": 1,
      "57": 1,
      "58": 1,
      "59": 1,
      "60": 1,
      "61": 1,
      "62": 1,
      "63": 1,
      "64": 1,
      "65": 1,
      "66": 1,
      "67": 1,
      "68": 1,
      "69": 1,
      "71": 1,
      "72": 1,
      "73": 1,
      "74": 1,
      "75": 1,
      "76": 1,
      "77": 1,
      "78": 1,
      "79": 1,
      "80": 1,
      "81": 1,
      "82": 1,
      "85": 1,
      "86": 1,
      "87": 1,
      "88": 1,
      "89": 1,
      "90": 1,
      "91": 1,
      "92": 1,
      "93": 1,
      "94": 1,
      "95": 1,
      "96": 1,
      "97": 1,
      "98": 1,
      "99": 1,
      "100": 1,
      "101": 1,
      "104": 1,
      "105": 1,
      "106": 1,
      "107": 1,
      "108": 1,
      "109": 1,
      "110": 1,
      "111": 1,
      "112": 1,
      "113": 1,
      "114": 1,
      "115": 1,
      "116": 1,
      "117": 1,
      "118": 1,
      "119": 1,
      "120": 1,
      "121": 1,
      "122": 1,
      "123": 1,
      "124": 1,
      "125": 1,
      "126": 1,
      "127": 1,
      "128": 1,
      "129": 1,
      "130": 1,
      "131": 1,
      "132": 1,
      "133": 1,
      "134": 1,
      "135": 1,
      "136": 1,
      "137": 1,
      "143": 1,
      "144": 27,
      "145": 27,
      "146": 27,
      "147": 26,
      "148": 27,
      "151": 27,
      "152": 27,
      "154": 23,
      "156": 25,
      "157": 3,
      "158": 3,
      "159": 3,
      "162": 25,
      "163": 6,
      "164": 6,
      "165": 6,
      "166": 6,
      "167": 6,
      "168": 2,
      "169": 6,
      "170": 1,
      "171": 1,
      "172": 1,
      "173": 1,
      "174": 1,
      "175": 1,
      "176": 1,
      "177": 1,
      "178": 1,
      "179": 6,
      "180": 6,
      "183": 25,
      "184": 2,
      "185": 2,
      "186": 2,
      "187": 2,
      "188": 25,
      "189": 13,
      "190": 13,
      "191": 13,
      "192": 1,
      "193": 1,
      "194": 1,
      "195": 13,
      "196": 1,
      "197": 1,
      "198": 1,
      "200": 9,
      "201": 13,
      "202": 4,
      "203": 4,
      "204": 4,
      "205": 4,
      "206": 4,
      "207": 4,
      "208": 4,
      "209": 4,
      "210": 4,
      "211": 4,
      "212": 4,
      "213": 13,
      "214": 10,
      "215": 23,
      "217": 23,
      "218": 4,
      "219": 4,
      "220": 4,
      "221": 4,
      "222": 4,
      "223": 4,
      "224": 4,
      "225": 4,
      "226": 4,
      "227": 4,
      "228": 4,
      "230": 23,
      "231": 23,
      "234": 3,
      "235": 3,
      "236": 3,
      "237": 3,
      "238": 3,
      "239": 3,
      "240": 16,
      "241": 1,
      "242": 16,
      "243": 16,
      "244": 1,
      "245": 1,
      "246": 1,
      "247": 16,
      "248": 1,
      "249": 1,
      "250": 1,
      "251": 1,
      "252": 1,
      "253": 1,
      "254": 1,
      "255": 1,
      "256": 1,
      "257": 3,
      "258": 3,
      "261": 26,
      "262": 26,
      "263": 26,
      "265": 26,
      "266": 3,
      "267": 3,
      "268": 2,
      "269": 3,
      "270": 1,
      "271": 1,
      "272": 1,
      "273": 1,
      "274": 1,
      "275": 3,
      "276": 1,
      "277": 1,
      "278": 1,
      "279": 3,
      "280": 3,
      "281": 3,
      "282": 3,
      "283": 3,
      "285": 26,
      "286": 1,
      "287": 1,
      "288": 1,
      "289": 1,
      "290": 1,
      "291": 1,
      "292": 1,
      "293": 1,
      "294": 1,
      "295": 1,
      "296": 1,
      "297": 1,
      "298": 1,
      "299": 1,
      "300": 1,
      "301": 1,
      "302": 1,
      "303": 1,
      "304": 1,
      "306": 26,
      "307": 1,
      "308": 1,
      "309": 1,
      "310": 1,
      "311": 1,
      "312": 1,
      "313": 1,
      "314": 1,
      "315": 1,
      "316": 1,
      "317": 1,
      "318": 1,
      "319": 1,
      "320": 1,
      "321": 1,
      "322": 1,
      "323": 1,
      "324": 1,
      "325": 1,
      "326": 1,
      "327": 1,
      "328": 1,
      "329": 1,
      "331": 12,
      "332": 12,
      "334": 2,
      "335": 2,
      "336": 2,
      "339": 2,
      "340": 2,
      "341": 2,
      "343": 1,
      "344": 1,
      "345": 1,
      "346": 1,
      "347": 1,
      "348": 1,
      "351": 1,
      "352": 1,
      "353": 1,
      "354": 1,
      "355": 1,
      "356": 1,
      "357": 0,
      "358": 1,
      "359": 1,
      "360": 0,
      "361": 0,
      "362": 0,
      "363": 1,
      "364": 1
    },
    "branchMap": {
      "0": {
        "type": "branch",
        "line": 129,
        "loc": { "start": { "line": 129, "column": 8 }, "end": { "line": 129, "column": 37 } },
        "locations": [
          { "start": { "line": 129, "column": 8 }, "end": { "line": 129, "column": 37 } }
        ]
      },
      "1": {
        "type": "branch",
        "line": 136,
        "loc": { "start": { "line": 136, "column": 8 }, "end": { "line": 136, "column": 37 } },
        "locations": [
          { "start": { "line": 136, "column": 8 }, "end": { "line": 136, "column": 37 } }
        ]
      },
      "2": {
        "type": "branch",
        "line": 144,
        "loc": { "start": { "line": 144, "column": 7 }, "end": { "line": 232, "column": 1 } },
        "locations": [
          { "start": { "line": 144, "column": 7 }, "end": { "line": 232, "column": 1 } }
        ]
      },
      "3": {
        "type": "branch",
        "line": 147,
        "loc": { "start": { "line": 147, "column": 29 }, "end": { "line": 147, "column": 83 } },
        "locations": [
          { "start": { "line": 147, "column": 29 }, "end": { "line": 147, "column": 83 } }
        ]
      },
      "4": {
        "type": "branch",
        "line": 147,
        "loc": { "start": { "line": 147, "column": 36 }, "end": { "line": 148, "column": 54 } },
        "locations": [
          { "start": { "line": 147, "column": 36 }, "end": { "line": 148, "column": 54 } }
        ]
      },
      "5": {
        "type": "branch",
        "line": 153,
        "loc": { "start": { "line": 153, "column": 13 }, "end": { "line": 153, "column": 28 } },
        "locations": [
          { "start": { "line": 153, "column": 13 }, "end": { "line": 153, "column": 28 } }
        ]
      },
      "6": {
        "type": "branch",
        "line": 153,
        "loc": { "start": { "line": 153, "column": 26 }, "end": { "line": 232, "column": 1 } },
        "locations": [
          { "start": { "line": 153, "column": 26 }, "end": { "line": 232, "column": 1 } }
        ]
      },
      "7": {
        "type": "branch",
        "line": 155,
        "loc": { "start": { "line": 155, "column": 14 }, "end": { "line": 216, "column": 3 } },
        "locations": [
          { "start": { "line": 155, "column": 14 }, "end": { "line": 216, "column": 3 } }
        ]
      },
      "8": {
        "type": "branch",
        "line": 157,
        "loc": { "start": { "line": 157, "column": 22 }, "end": { "line": 157, "column": 82 } },
        "locations": [
          { "start": { "line": 157, "column": 22 }, "end": { "line": 157, "column": 82 } }
        ]
      },
      "9": {
        "type": "branch",
        "line": 157,
        "loc": { "start": { "line": 157, "column": 82 }, "end": { "line": 160, "column": 5 } },
        "locations": [
          { "start": { "line": 157, "column": 82 }, "end": { "line": 160, "column": 5 } }
        ]
      },
      "10": {
        "type": "branch",
        "line": 160,
        "loc": { "start": { "line": 160, "column": 4 }, "end": { "line": 163, "column": 36 } },
        "locations": [
          { "start": { "line": 160, "column": 4 }, "end": { "line": 163, "column": 36 } }
        ]
      },
      "11": {
        "type": "branch",
        "line": 163,
        "loc": { "start": { "line": 163, "column": 22 }, "end": { "line": 163, "column": 58 } },
        "locations": [
          { "start": { "line": 163, "column": 22 }, "end": { "line": 163, "column": 58 } }
        ]
      },
      "12": {
        "type": "branch",
        "line": 163,
        "loc": { "start": { "line": 163, "column": 58 }, "end": { "line": 181, "column": 5 } },
        "locations": [
          { "start": { "line": 163, "column": 58 }, "end": { "line": 181, "column": 5 } }
        ]
      },
      "13": {
        "type": "branch",
        "line": 168,
        "loc": { "start": { "line": 168, "column": 34 }, "end": { "line": 169, "column": 33 } },
        "locations": [
          { "start": { "line": 168, "column": 34 }, "end": { "line": 169, "column": 33 } }
        ]
      },
      "14": {
        "type": "branch",
        "line": 169,
        "loc": { "start": { "line": 169, "column": 13 }, "end": { "line": 169, "column": 28 } },
        "locations": [
          { "start": { "line": 169, "column": 13 }, "end": { "line": 169, "column": 28 } }
        ]
      },
      "15": {
        "type": "branch",
        "line": 170,
        "loc": { "start": { "line": 170, "column": 8 }, "end": { "line": 179, "column": 7 } },
        "locations": [
          { "start": { "line": 170, "column": 8 }, "end": { "line": 179, "column": 7 } }
        ]
      },
      "16": {
        "type": "branch",
        "line": 181,
        "loc": { "start": { "line": 181, "column": 4 }, "end": { "line": 184, "column": 36 } },
        "locations": [
          { "start": { "line": 181, "column": 4 }, "end": { "line": 184, "column": 36 } }
        ]
      },
      "17": {
        "type": "branch",
        "line": 184,
        "loc": { "start": { "line": 184, "column": 22 }, "end": { "line": 184, "column": 83 } },
        "locations": [
          { "start": { "line": 184, "column": 22 }, "end": { "line": 184, "column": 83 } }
        ]
      },
      "18": {
        "type": "branch",
        "line": 184,
        "loc": { "start": { "line": 184, "column": 83 }, "end": { "line": 188, "column": 5 } },
        "locations": [
          { "start": { "line": 184, "column": 83 }, "end": { "line": 188, "column": 5 } }
        ]
      },
      "19": {
        "type": "branch",
        "line": 188,
        "loc": { "start": { "line": 188, "column": 4 }, "end": { "line": 189, "column": 30 } },
        "locations": [
          { "start": { "line": 188, "column": 4 }, "end": { "line": 189, "column": 30 } }
        ]
      },
      "20": {
        "type": "branch",
        "line": 189,
        "loc": { "start": { "line": 189, "column": 30 }, "end": { "line": 214, "column": 5 } },
        "locations": [
          { "start": { "line": 189, "column": 30 }, "end": { "line": 214, "column": 5 } }
        ]
      },
      "21": {
        "type": "branch",
        "line": 191,
        "loc": { "start": { "line": 191, "column": 50 }, "end": { "line": 191, "column": 57 } },
        "locations": [
          { "start": { "line": 191, "column": 50 }, "end": { "line": 191, "column": 57 } }
        ]
      },
      "22": {
        "type": "branch",
        "line": 191,
        "loc": { "start": { "line": 191, "column": 50 }, "end": { "line": 192, "column": 42 } },
        "locations": [
          { "start": { "line": 191, "column": 50 }, "end": { "line": 192, "column": 42 } }
        ]
      },
      "23": {
        "type": "branch",
        "line": 192,
        "loc": { "start": { "line": 192, "column": 42 }, "end": { "line": 195, "column": 7 } },
        "locations": [
          { "start": { "line": 192, "column": 42 }, "end": { "line": 195, "column": 7 } }
        ]
      },
      "24": {
        "type": "branch",
        "line": 195,
        "loc": { "start": { "line": 195, "column": 6 }, "end": { "line": 196, "column": 40 } },
        "locations": [
          { "start": { "line": 195, "column": 6 }, "end": { "line": 196, "column": 40 } }
        ]
      },
      "25": {
        "type": "branch",
        "line": 196,
        "loc": { "start": { "line": 196, "column": 35 }, "end": { "line": 196, "column": 58 } },
        "locations": [
          { "start": { "line": 196, "column": 35 }, "end": { "line": 196, "column": 58 } }
        ]
      },
      "26": {
        "type": "branch",
        "line": 196,
        "loc": { "start": { "line": 196, "column": 58 }, "end": { "line": 199, "column": 7 } },
        "locations": [
          { "start": { "line": 196, "column": 58 }, "end": { "line": 199, "column": 7 } }
        ]
      },
      "27": {
        "type": "branch",
        "line": 199,
        "loc": { "start": { "line": 199, "column": 6 }, "end": { "line": 202, "column": 22 } },
        "locations": [
          { "start": { "line": 199, "column": 6 }, "end": { "line": 202, "column": 22 } }
        ]
      },
      "28": {
        "type": "branch",
        "line": 202,
        "loc": { "start": { "line": 202, "column": 10 }, "end": { "line": 202, "column": 58 } },
        "locations": [
          { "start": { "line": 202, "column": 10 }, "end": { "line": 202, "column": 58 } }
        ]
      },
      "29": {
        "type": "branch",
        "line": 202,
        "loc": { "start": { "line": 202, "column": 58 }, "end": { "line": 213, "column": 7 } },
        "locations": [
          { "start": { "line": 202, "column": 58 }, "end": { "line": 213, "column": 7 } }
        ]
      },
      "30": {
        "type": "branch",
        "line": 204,
        "loc": { "start": { "line": 204, "column": 34 }, "end": { "line": 204, "column": 88 } },
        "locations": [
          { "start": { "line": 204, "column": 34 }, "end": { "line": 204, "column": 88 } }
        ]
      },
      "31": {
        "type": "branch",
        "line": 214,
        "loc": { "start": { "line": 214, "column": 4 }, "end": { "line": 215, "column": 11 } },
        "locations": [
          { "start": { "line": 214, "column": 4 }, "end": { "line": 215, "column": 11 } }
        ]
      },
      "32": {
        "type": "branch",
        "line": 175,
        "loc": { "start": { "line": 175, "column": 55 }, "end": { "line": 175, "column": 77 } },
        "locations": [
          { "start": { "line": 175, "column": 55 }, "end": { "line": 175, "column": 77 } }
        ]
      },
      "33": {
        "type": "branch",
        "line": 218,
        "loc": { "start": { "line": 218, "column": 2 }, "end": { "line": 229, "column": 3 } },
        "locations": [
          { "start": { "line": 218, "column": 2 }, "end": { "line": 229, "column": 3 } }
        ]
      },
      "34": {
        "type": "branch",
        "line": 220,
        "loc": { "start": { "line": 220, "column": 30 }, "end": { "line": 220, "column": 90 } },
        "locations": [
          { "start": { "line": 220, "column": 30 }, "end": { "line": 220, "column": 90 } }
        ]
      },
      "35": {
        "type": "branch",
        "line": 235,
        "loc": { "start": { "line": 235, "column": 0 }, "end": { "line": 259, "column": 1 } },
        "locations": [
          { "start": { "line": 235, "column": 0 }, "end": { "line": 259, "column": 1 } }
        ]
      },
      "36": {
        "type": "branch",
        "line": 240,
        "loc": { "start": { "line": 240, "column": 29 }, "end": { "line": 258, "column": 3 } },
        "locations": [
          { "start": { "line": 240, "column": 29 }, "end": { "line": 258, "column": 3 } }
        ]
      },
      "37": {
        "type": "branch",
        "line": 241,
        "loc": { "start": { "line": 241, "column": 22 }, "end": { "line": 241, "column": 58 } },
        "locations": [
          { "start": { "line": 241, "column": 22 }, "end": { "line": 241, "column": 58 } }
        ]
      },
      "38": {
        "type": "branch",
        "line": 241,
        "loc": { "start": { "line": 241, "column": 58 }, "end": { "line": 241, "column": 65 } },
        "locations": [
          { "start": { "line": 241, "column": 58 }, "end": { "line": 241, "column": 65 } }
        ]
      },
      "39": {
        "type": "branch",
        "line": 241,
        "loc": { "start": { "line": 241, "column": 58 }, "end": { "line": 242, "column": 38 } },
        "locations": [
          { "start": { "line": 241, "column": 58 }, "end": { "line": 242, "column": 38 } }
        ]
      },
      "40": {
        "type": "branch",
        "line": 244,
        "loc": { "start": { "line": 244, "column": 6 }, "end": { "line": 245, "column": 34 } },
        "locations": [
          { "start": { "line": 244, "column": 6 }, "end": { "line": 245, "column": 34 } }
        ]
      },
      "41": {
        "type": "branch",
        "line": 245,
        "loc": { "start": { "line": 245, "column": 30 }, "end": { "line": 246, "column": 36 } },
        "locations": [
          { "start": { "line": 245, "column": 30 }, "end": { "line": 246, "column": 36 } }
        ]
      },
      "42": {
        "type": "branch",
        "line": 246,
        "loc": { "start": { "line": 246, "column": 32 }, "end": { "line": 247, "column": 31 } },
        "locations": [
          { "start": { "line": 246, "column": 32 }, "end": { "line": 247, "column": 31 } }
        ]
      },
      "43": {
        "type": "branch",
        "line": 247,
        "loc": { "start": { "line": 247, "column": 11 }, "end": { "line": 247, "column": 26 } },
        "locations": [
          { "start": { "line": 247, "column": 11 }, "end": { "line": 247, "column": 26 } }
        ]
      },
      "44": {
        "type": "branch",
        "line": 248,
        "loc": { "start": { "line": 248, "column": 6 }, "end": { "line": 257, "column": 5 } },
        "locations": [
          { "start": { "line": 248, "column": 6 }, "end": { "line": 257, "column": 5 } }
        ]
      },
      "45": {
        "type": "branch",
        "line": 253,
        "loc": { "start": { "line": 253, "column": 53 }, "end": { "line": 253, "column": 75 } },
        "locations": [
          { "start": { "line": 253, "column": 53 }, "end": { "line": 253, "column": 75 } }
        ]
      },
      "46": {
        "type": "branch",
        "line": 262,
        "loc": { "start": { "line": 262, "column": 0 }, "end": { "line": 333, "column": 1 } },
        "locations": [
          { "start": { "line": 262, "column": 0 }, "end": { "line": 333, "column": 1 } }
        ]
      },
      "47": {
        "type": "branch",
        "line": 264,
        "loc": { "start": { "line": 264, "column": 29 }, "end": { "line": 264, "column": 77 } },
        "locations": [
          { "start": { "line": 264, "column": 29 }, "end": { "line": 264, "column": 77 } }
        ]
      },
      "48": {
        "type": "branch",
        "line": 264,
        "loc": { "start": { "line": 264, "column": 77 }, "end": { "line": 264, "column": 94 } },
        "locations": [
          { "start": { "line": 264, "column": 77 }, "end": { "line": 264, "column": 94 } }
        ]
      },
      "49": {
        "type": "branch",
        "line": 264,
        "loc": { "start": { "line": 264, "column": 84 }, "end": { "line": 266, "column": 30 } },
        "locations": [
          { "start": { "line": 264, "column": 84 }, "end": { "line": 266, "column": 30 } }
        ]
      },
      "50": {
        "type": "branch",
        "line": 266,
        "loc": { "start": { "line": 266, "column": 30 }, "end": { "line": 284, "column": 3 } },
        "locations": [
          { "start": { "line": 266, "column": 30 }, "end": { "line": 284, "column": 3 } }
        ]
      },
      "51": {
        "type": "branch",
        "line": 268,
        "loc": { "start": { "line": 268, "column": 70 }, "end": { "line": 268, "column": 87 } },
        "locations": [
          { "start": { "line": 268, "column": 70 }, "end": { "line": 268, "column": 87 } }
        ]
      },
      "52": {
        "type": "branch",
        "line": 268,
        "loc": { "start": { "line": 268, "column": 77 }, "end": { "line": 270, "column": 36 } },
        "locations": [
          { "start": { "line": 268, "column": 77 }, "end": { "line": 270, "column": 36 } }
        ]
      },
      "53": {
        "type": "branch",
        "line": 270,
        "loc": { "start": { "line": 270, "column": 29 }, "end": { "line": 276, "column": 34 } },
        "locations": [
          { "start": { "line": 270, "column": 29 }, "end": { "line": 276, "column": 34 } }
        ]
      },
      "54": {
        "type": "branch",
        "line": 276,
        "loc": { "start": { "line": 276, "column": 30 }, "end": { "line": 276, "column": 54 } },
        "locations": [
          { "start": { "line": 276, "column": 30 }, "end": { "line": 276, "column": 54 } }
        ]
      },
      "55": {
        "type": "branch",
        "line": 284,
        "loc": { "start": { "line": 284, "column": 2 }, "end": { "line": 286, "column": 32 } },
        "locations": [
          { "start": { "line": 284, "column": 2 }, "end": { "line": 286, "column": 32 } }
        ]
      },
      "56": {
        "type": "branch",
        "line": 286,
        "loc": { "start": { "line": 286, "column": 15 }, "end": { "line": 286, "column": 59 } },
        "locations": [
          { "start": { "line": 286, "column": 15 }, "end": { "line": 286, "column": 59 } }
        ]
      },
      "57": {
        "type": "branch",
        "line": 286,
        "loc": { "start": { "line": 286, "column": 59 }, "end": { "line": 305, "column": 3 } },
        "locations": [
          { "start": { "line": 286, "column": 59 }, "end": { "line": 305, "column": 3 } }
        ]
      },
      "58": {
        "type": "branch",
        "line": 288,
        "loc": { "start": { "line": 288, "column": 29 }, "end": { "line": 288, "column": 46 } },
        "locations": [
          { "start": { "line": 288, "column": 29 }, "end": { "line": 288, "column": 46 } }
        ]
      },
      "59": {
        "type": "branch",
        "line": 305,
        "loc": { "start": { "line": 305, "column": 2 }, "end": { "line": 307, "column": 29 } },
        "locations": [
          { "start": { "line": 305, "column": 2 }, "end": { "line": 307, "column": 29 } }
        ]
      },
      "60": {
        "type": "branch",
        "line": 307,
        "loc": { "start": { "line": 307, "column": 29 }, "end": { "line": 330, "column": 3 } },
        "locations": [
          { "start": { "line": 307, "column": 29 }, "end": { "line": 330, "column": 3 } }
        ]
      },
      "61": {
        "type": "branch",
        "line": 309,
        "loc": { "start": { "line": 309, "column": 29 }, "end": { "line": 309, "column": 46 } },
        "locations": [
          { "start": { "line": 309, "column": 29 }, "end": { "line": 309, "column": 46 } }
        ]
      },
      "62": {
        "type": "branch",
        "line": 330,
        "loc": { "start": { "line": 330, "column": 2 }, "end": { "line": 333, "column": 1 } },
        "locations": [
          { "start": { "line": 330, "column": 2 }, "end": { "line": 333, "column": 1 } }
        ]
      },
      "63": {
        "type": "branch",
        "line": 267,
        "loc": { "start": { "line": 267, "column": 44 }, "end": { "line": 267, "column": 87 } },
        "locations": [
          { "start": { "line": 267, "column": 44 }, "end": { "line": 267, "column": 87 } }
        ]
      },
      "64": {
        "type": "branch",
        "line": 268,
        "loc": { "start": { "line": 268, "column": 23 }, "end": { "line": 268, "column": 67 } },
        "locations": [
          { "start": { "line": 268, "column": 23 }, "end": { "line": 268, "column": 67 } }
        ]
      },
      "65": {
        "type": "branch",
        "line": 271,
        "loc": { "start": { "line": 271, "column": 30 }, "end": { "line": 271, "column": 90 } },
        "locations": [
          { "start": { "line": 271, "column": 30 }, "end": { "line": 271, "column": 90 } }
        ]
      },
      "66": {
        "type": "branch",
        "line": 276,
        "loc": { "start": { "line": 276, "column": 58 }, "end": { "line": 280, "column": 8 } },
        "locations": [
          { "start": { "line": 276, "column": 58 }, "end": { "line": 280, "column": 8 } }
        ]
      },
      "67": {
        "type": "branch",
        "line": 278,
        "loc": { "start": { "line": 278, "column": 26 }, "end": { "line": 278, "column": 32 } },
        "locations": [
          { "start": { "line": 278, "column": 26 }, "end": { "line": 278, "column": 32 } }
        ]
      },
      "68": {
        "type": "branch",
        "line": 279,
        "loc": { "start": { "line": 279, "column": 23 }, "end": { "line": 279, "column": 64 } },
        "locations": [
          { "start": { "line": 279, "column": 23 }, "end": { "line": 279, "column": 64 } }
        ]
      },
      "69": {
        "type": "branch",
        "line": 290,
        "loc": { "start": { "line": 290, "column": 11 }, "end": { "line": 294, "column": 8 } },
        "locations": [
          { "start": { "line": 290, "column": 11 }, "end": { "line": 294, "column": 8 } }
        ]
      },
      "70": {
        "type": "branch",
        "line": 293,
        "loc": { "start": { "line": 293, "column": 30 }, "end": { "line": 293, "column": 62 } },
        "locations": [
          { "start": { "line": 293, "column": 30 }, "end": { "line": 293, "column": 62 } }
        ]
      },
      "71": {
        "type": "branch",
        "line": 312,
        "loc": { "start": { "line": 312, "column": 11 }, "end": { "line": 319, "column": 7 } },
        "locations": [
          { "start": { "line": 312, "column": 11 }, "end": { "line": 319, "column": 7 } }
        ]
      },
      "72": {
        "type": "branch",
        "line": 317,
        "loc": { "start": { "line": 317, "column": 34 }, "end": { "line": 317, "column": 75 } },
        "locations": [
          { "start": { "line": 317, "column": 34 }, "end": { "line": 317, "column": 75 } }
        ]
      },
      "73": {
        "type": "branch",
        "line": 335,
        "loc": { "start": { "line": 335, "column": 0 }, "end": { "line": 337, "column": 1 } },
        "locations": [
          { "start": { "line": 335, "column": 0 }, "end": { "line": 337, "column": 1 } }
        ]
      },
      "74": {
        "type": "branch",
        "line": 340,
        "loc": { "start": { "line": 340, "column": 0 }, "end": { "line": 342, "column": 1 } },
        "locations": [
          { "start": { "line": 340, "column": 0 }, "end": { "line": 342, "column": 1 } }
        ]
      },
      "75": {
        "type": "branch",
        "line": 341,
        "loc": { "start": { "line": 341, "column": 51 }, "end": { "line": 341, "column": 70 } },
        "locations": [
          { "start": { "line": 341, "column": 51 }, "end": { "line": 341, "column": 70 } }
        ]
      },
      "76": {
        "type": "branch",
        "line": 344,
        "loc": { "start": { "line": 344, "column": 0 }, "end": { "line": 349, "column": 1 } },
        "locations": [
          { "start": { "line": 344, "column": 0 }, "end": { "line": 349, "column": 1 } }
        ]
      },
      "77": {
        "type": "branch",
        "line": 347,
        "loc": { "start": { "line": 347, "column": 35 }, "end": { "line": 347, "column": 78 } },
        "locations": [
          { "start": { "line": 347, "column": 35 }, "end": { "line": 347, "column": 78 } }
        ]
      },
      "78": {
        "type": "branch",
        "line": 347,
        "loc": { "start": { "line": 347, "column": 55 }, "end": { "line": 347, "column": 66 } },
        "locations": [
          { "start": { "line": 347, "column": 55 }, "end": { "line": 347, "column": 66 } }
        ]
      },
      "79": {
        "type": "branch",
        "line": 347,
        "loc": { "start": { "line": 347, "column": 69 }, "end": { "line": 347, "column": 76 } },
        "locations": [
          { "start": { "line": 347, "column": 69 }, "end": { "line": 347, "column": 76 } }
        ]
      },
      "80": {
        "type": "branch",
        "line": 352,
        "loc": { "start": { "line": 352, "column": 7 }, "end": { "line": 365, "column": 1 } },
        "locations": [
          { "start": { "line": 352, "column": 7 }, "end": { "line": 365, "column": 1 } }
        ]
      },
      "81": {
        "type": "branch",
        "line": 355,
        "loc": { "start": { "line": 355, "column": 4 }, "end": { "line": 355, "column": 98 } },
        "locations": [
          { "start": { "line": 355, "column": 4 }, "end": { "line": 355, "column": 98 } }
        ]
      },
      "82": {
        "type": "branch",
        "line": 357,
        "loc": { "start": { "line": 357, "column": 15 }, "end": { "line": 358, "column": 72 } },
        "locations": [
          { "start": { "line": 357, "column": 15 }, "end": { "line": 358, "column": 72 } }
        ]
      },
      "83": {
        "type": "branch",
        "line": 360,
        "loc": { "start": { "line": 360, "column": 79 }, "end": { "line": 360, "column": 88 } },
        "locations": [
          { "start": { "line": 360, "column": 79 }, "end": { "line": 360, "column": 88 } }
        ]
      },
      "84": {
        "type": "branch",
        "line": 360,
        "loc": { "start": { "line": 360, "column": 111 }, "end": { "line": 363, "column": 88 } },
        "locations": [
          { "start": { "line": 360, "column": 111 }, "end": { "line": 363, "column": 88 } }
        ]
      }
    },
    "b": {
      "0": [22],
      "1": [5],
      "2": [27],
      "3": [1],
      "4": [26],
      "5": [3],
      "6": [23],
      "7": [25],
      "8": [11],
      "9": [3],
      "10": [22],
      "11": [8],
      "12": [6],
      "13": [2],
      "14": [1],
      "15": [1],
      "16": [16],
      "17": [2],
      "18": [2],
      "19": [14],
      "20": [13],
      "21": [2],
      "22": [11],
      "23": [1],
      "24": [10],
      "25": [1],
      "26": [1],
      "27": [9],
      "28": [4],
      "29": [4],
      "30": [0],
      "31": [10],
      "32": [3],
      "33": [4],
      "34": [0],
      "35": [3],
      "36": [16],
      "37": [1],
      "38": [15],
      "39": [1],
      "40": [1],
      "41": [1],
      "42": [1],
      "43": [0],
      "44": [1],
      "45": [3],
      "46": [26],
      "47": [19],
      "48": [9],
      "49": [17],
      "50": [3],
      "51": [1],
      "52": [2],
      "53": [1],
      "54": [0],
      "55": [14],
      "56": [2],
      "57": [1],
      "58": [0],
      "59": [13],
      "60": [1],
      "61": [0],
      "62": [12],
      "63": [5],
      "64": [4],
      "65": [1],
      "66": [1],
      "67": [0],
      "68": [0],
      "69": [1],
      "70": [0],
      "71": [1],
      "72": [0],
      "73": [2],
      "74": [2],
      "75": [4],
      "76": [1],
      "77": [2],
      "78": [0],
      "79": [0],
      "80": [1],
      "81": [0],
      "82": [0],
      "83": [0],
      "84": [0]
    },
    "fnMap": {
      "0": {
        "name": "checkDeclaration",
        "decl": { "start": { "line": 144, "column": 7 }, "end": { "line": 232, "column": 1 } },
        "loc": { "start": { "line": 144, "column": 7 }, "end": { "line": 232, "column": 1 } },
        "line": 144
      },
      "1": {
        "name": "pushColor",
        "decl": { "start": { "line": 218, "column": 2 }, "end": { "line": 229, "column": 3 } },
        "loc": { "start": { "line": 218, "column": 2 }, "end": { "line": 229, "column": 3 } },
        "line": 218
      },
      "2": {
        "name": "walkVarsOnly",
        "decl": { "start": { "line": 235, "column": 0 }, "end": { "line": 259, "column": 1 } },
        "loc": { "start": { "line": 235, "column": 0 }, "end": { "line": 259, "column": 1 } },
        "line": 235
      },
      "3": {
        "name": "checkWholeValue",
        "decl": { "start": { "line": 262, "column": 0 }, "end": { "line": 333, "column": 1 } },
        "loc": { "start": { "line": 262, "column": 0 }, "end": { "line": 333, "column": 1 } },
        "line": 262
      },
      "4": {
        "name": "normalizeFamily",
        "decl": { "start": { "line": 335, "column": 0 }, "end": { "line": 337, "column": 1 } },
        "loc": { "start": { "line": 335, "column": 0 }, "end": { "line": 337, "column": 1 } },
        "line": 335
      },
      "5": {
        "name": "shadowVector",
        "decl": { "start": { "line": 340, "column": 0 }, "end": { "line": 342, "column": 1 } },
        "loc": { "start": { "line": 340, "column": 0 }, "end": { "line": 342, "column": 1 } },
        "line": 340
      },
      "6": {
        "name": "vectorDistance",
        "decl": { "start": { "line": 344, "column": 0 }, "end": { "line": 349, "column": 1 } },
        "loc": { "start": { "line": 344, "column": 0 }, "end": { "line": 349, "column": 1 } },
        "line": 344
      },
      "7": {
        "name": "formatViolation",
        "decl": { "start": { "line": 352, "column": 7 }, "end": { "line": 365, "column": 1 } },
        "loc": { "start": { "line": 352, "column": 7 }, "end": { "line": 365, "column": 1 } },
        "line": 352
      }
    },
    "f": { "0": 27, "1": 4, "2": 3, "3": 26, "4": 2, "5": 2, "6": 1, "7": 1 }
  },
  "/Users/oddur/Code/ds0/packages/core/src/config.ts": {
    "path": "/Users/oddur/Code/ds0/packages/core/src/config.ts",
    "all": false,
    "statementMap": {
      "0": { "start": { "line": 1, "column": 0 }, "end": { "line": 1, "column": 61 } },
      "1": { "start": { "line": 2, "column": 0 }, "end": { "line": 2, "column": 61 } },
      "2": { "start": { "line": 3, "column": 0 }, "end": { "line": 3, "column": 34 } },
      "3": { "start": { "line": 4, "column": 0 }, "end": { "line": 4, "column": 38 } },
      "4": { "start": { "line": 5, "column": 0 }, "end": { "line": 5, "column": 48 } },
      "16": { "start": { "line": 17, "column": 0 }, "end": { "line": 17, "column": 42 } },
      "19": { "start": { "line": 20, "column": 0 }, "end": { "line": 20, "column": 69 } },
      "20": { "start": { "line": 21, "column": 0 }, "end": { "line": 21, "column": 26 } },
      "21": { "start": { "line": 22, "column": 0 }, "end": { "line": 22, "column": 74 } },
      "22": { "start": { "line": 23, "column": 0 }, "end": { "line": 23, "column": 32 } },
      "23": { "start": { "line": 24, "column": 0 }, "end": { "line": 24, "column": 45 } },
      "24": { "start": { "line": 25, "column": 0 }, "end": { "line": 25, "column": 32 } },
      "25": { "start": { "line": 26, "column": 0 }, "end": { "line": 26, "column": 69 } },
      "29": { "start": { "line": 30, "column": 0 }, "end": { "line": 30, "column": 85 } },
      "30": { "start": { "line": 31, "column": 0 }, "end": { "line": 31, "column": 5 } },
      "31": { "start": { "line": 32, "column": 0 }, "end": { "line": 32, "column": 81 } },
      "32": { "start": { "line": 33, "column": 0 }, "end": { "line": 33, "column": 27 } },
      "33": { "start": { "line": 34, "column": 0 }, "end": { "line": 34, "column": 5 } },
      "34": { "start": { "line": 35, "column": 0 }, "end": { "line": 35, "column": 47 } },
      "35": { "start": { "line": 36, "column": 0 }, "end": { "line": 36, "column": 3 } },
      "36": { "start": { "line": 37, "column": 0 }, "end": { "line": 37, "column": 1 } },
      "39": { "start": { "line": 40, "column": 0 }, "end": { "line": 40, "column": 60 } },
      "40": { "start": { "line": 41, "column": 0 }, "end": { "line": 41, "column": 75 } },
      "41": { "start": { "line": 42, "column": 0 }, "end": { "line": 42, "column": 14 } },
      "42": { "start": { "line": 43, "column": 0 }, "end": { "line": 43, "column": 12 } },
      "43": { "start": { "line": 44, "column": 0 }, "end": { "line": 44, "column": 49 } },
      "44": { "start": { "line": 45, "column": 0 }, "end": { "line": 45, "column": 5 } },
      "45": { "start": { "line": 46, "column": 0 }, "end": { "line": 46, "column": 46 } },
      "46": { "start": { "line": 47, "column": 0 }, "end": { "line": 47, "column": 55 } },
      "47": { "start": { "line": 48, "column": 0 }, "end": { "line": 48, "column": 67 } },
      "48": { "start": { "line": 49, "column": 0 }, "end": { "line": 49, "column": 5 } },
      "49": { "start": { "line": 50, "column": 0 }, "end": { "line": 50, "column": 70 } },
      "50": { "start": { "line": 51, "column": 0 }, "end": { "line": 51, "column": 1 } },
      "56": { "start": { "line": 57, "column": 0 }, "end": { "line": 57, "column": 44 } },
      "59": { "start": { "line": 60, "column": 0 }, "end": { "line": 60, "column": 62 } },
      "60": { "start": { "line": 61, "column": 0 }, "end": { "line": 61, "column": 41 } },
      "61": { "start": { "line": 62, "column": 0 }, "end": { "line": 62, "column": 21 } },
      "62": { "start": { "line": 63, "column": 0 }, "end": { "line": 63, "column": 35 } },
      "63": { "start": { "line": 64, "column": 0 }, "end": { "line": 64, "column": 4 } },
      "64": { "start": { "line": 65, "column": 0 }, "end": { "line": 65, "column": 37 } },
      "65": { "start": { "line": 66, "column": 0 }, "end": { "line": 66, "column": 12 } },
      "66": { "start": { "line": 67, "column": 0 }, "end": { "line": 67, "column": 72 } },
      "67": { "start": { "line": 68, "column": 0 }, "end": { "line": 68, "column": 40 } },
      "68": { "start": { "line": 69, "column": 0 }, "end": { "line": 69, "column": 47 } },
      "69": { "start": { "line": 70, "column": 0 }, "end": { "line": 70, "column": 37 } },
      "70": { "start": { "line": 71, "column": 0 }, "end": { "line": 71, "column": 41 } },
      "71": { "start": { "line": 72, "column": 0 }, "end": { "line": 72, "column": 15 } },
      "72": { "start": { "line": 73, "column": 0 }, "end": { "line": 73, "column": 1 } },
      "75": { "start": { "line": 76, "column": 0 }, "end": { "line": 76, "column": 77 } },
      "76": { "start": { "line": 77, "column": 0 }, "end": { "line": 77, "column": 47 } },
      "77": { "start": { "line": 78, "column": 0 }, "end": { "line": 78, "column": 77 } },
      "78": { "start": { "line": 79, "column": 0 }, "end": { "line": 79, "column": 47 } },
      "79": { "start": { "line": 80, "column": 0 }, "end": { "line": 80, "column": 1 } },
      "82": { "start": { "line": 83, "column": 0 }, "end": { "line": 83, "column": 68 } },
      "83": { "start": { "line": 84, "column": 0 }, "end": { "line": 84, "column": 38 } },
      "84": { "start": { "line": 85, "column": 0 }, "end": { "line": 85, "column": 63 } },
      "85": { "start": { "line": 86, "column": 0 }, "end": { "line": 86, "column": 27 } },
      "86": { "start": { "line": 87, "column": 0 }, "end": { "line": 87, "column": 1 } }
    },
    "s": {
      "0": 1,
      "1": 1,
      "2": 1,
      "3": 1,
      "4": 1,
      "16": 1,
      "19": 1,
      "20": 7,
      "21": 7,
      "22": 7,
      "23": 14,
      "24": 14,
      "25": 5,
      "29": 5,
      "30": 5,
      "31": 14,
      "32": 2,
      "33": 2,
      "34": 14,
      "35": 14,
      "36": 7,
      "39": 2,
      "40": 2,
      "41": 2,
      "42": 2,
      "43": 2,
      "44": 2,
      "45": 2,
      "46": 3,
      "47": 3,
      "48": 2,
      "49": 2,
      "50": 2,
      "56": 1,
      "59": 1,
      "60": 4,
      "61": 4,
      "62": 4,
      "63": 4,
      "64": 4,
      "65": 4,
      "66": 4,
      "67": 4,
      "68": 4,
      "69": 2,
      "70": 2,
      "71": 2,
      "72": 2,
      "75": 1,
      "76": 4,
      "77": 4,
      "78": 4,
      "79": 4,
      "82": 1,
      "83": 2,
      "84": 2,
      "85": 1,
      "86": 1
    },
    "branchMap": {
      "0": {
        "type": "branch",
        "line": 20,
        "loc": { "start": { "line": 20, "column": 7 }, "end": { "line": 37, "column": 1 } },
        "locations": [{ "start": { "line": 20, "column": 7 }, "end": { "line": 37, "column": 1 } }]
      },
      "1": {
        "type": "branch",
        "line": 22,
        "loc": { "start": { "line": 22, "column": 55 }, "end": { "line": 22, "column": 74 } },
        "locations": [
          { "start": { "line": 22, "column": 55 }, "end": { "line": 22, "column": 74 } }
        ]
      },
      "2": {
        "type": "branch",
        "line": 23,
        "loc": { "start": { "line": 23, "column": 31 }, "end": { "line": 36, "column": 3 } },
        "locations": [{ "start": { "line": 23, "column": 31 }, "end": { "line": 36, "column": 3 } }]
      },
      "3": {
        "type": "branch",
        "line": 25,
        "loc": { "start": { "line": 25, "column": 31 }, "end": { "line": 31, "column": 5 } },
        "locations": [{ "start": { "line": 25, "column": 31 }, "end": { "line": 31, "column": 5 } }]
      },
      "4": {
        "type": "branch",
        "line": 30,
        "loc": { "start": { "line": 30, "column": 30 }, "end": { "line": 30, "column": 44 } },
        "locations": [
          { "start": { "line": 30, "column": 30 }, "end": { "line": 30, "column": 44 } }
        ]
      },
      "5": {
        "type": "branch",
        "line": 30,
        "loc": { "start": { "line": 30, "column": 59 }, "end": { "line": 30, "column": 73 } },
        "locations": [
          { "start": { "line": 30, "column": 59 }, "end": { "line": 30, "column": 73 } }
        ]
      },
      "6": {
        "type": "branch",
        "line": 31,
        "loc": { "start": { "line": 31, "column": 4 }, "end": { "line": 32, "column": 49 } },
        "locations": [{ "start": { "line": 31, "column": 4 }, "end": { "line": 32, "column": 49 } }]
      },
      "7": {
        "type": "branch",
        "line": 32,
        "loc": { "start": { "line": 32, "column": 44 }, "end": { "line": 32, "column": 80 } },
        "locations": [
          { "start": { "line": 32, "column": 44 }, "end": { "line": 32, "column": 80 } }
        ]
      },
      "8": {
        "type": "branch",
        "line": 32,
        "loc": { "start": { "line": 32, "column": 80 }, "end": { "line": 34, "column": 5 } },
        "locations": [{ "start": { "line": 32, "column": 80 }, "end": { "line": 34, "column": 5 } }]
      },
      "9": {
        "type": "branch",
        "line": 34,
        "loc": { "start": { "line": 34, "column": 4 }, "end": { "line": 35, "column": 37 } },
        "locations": [{ "start": { "line": 34, "column": 4 }, "end": { "line": 35, "column": 37 } }]
      },
      "10": {
        "type": "branch",
        "line": 35,
        "loc": { "start": { "line": 35, "column": 30 }, "end": { "line": 35, "column": 47 } },
        "locations": [
          { "start": { "line": 35, "column": 30 }, "end": { "line": 35, "column": 47 } }
        ]
      },
      "11": {
        "type": "branch",
        "line": 40,
        "loc": { "start": { "line": 40, "column": 0 }, "end": { "line": 51, "column": 1 } },
        "locations": [{ "start": { "line": 40, "column": 0 }, "end": { "line": 51, "column": 1 } }]
      },
      "12": {
        "type": "branch",
        "line": 50,
        "loc": { "start": { "line": 50, "column": 25 }, "end": { "line": 50, "column": 60 } },
        "locations": [
          { "start": { "line": 50, "column": 25 }, "end": { "line": 50, "column": 60 } }
        ]
      },
      "13": {
        "type": "branch",
        "line": 50,
        "loc": { "start": { "line": 50, "column": 56 }, "end": { "line": 50, "column": 70 } },
        "locations": [
          { "start": { "line": 50, "column": 56 }, "end": { "line": 50, "column": 70 } }
        ]
      },
      "14": {
        "type": "branch",
        "line": 46,
        "loc": { "start": { "line": 46, "column": 35 }, "end": { "line": 49, "column": 3 } },
        "locations": [{ "start": { "line": 46, "column": 35 }, "end": { "line": 49, "column": 3 } }]
      },
      "15": {
        "type": "branch",
        "line": 48,
        "loc": { "start": { "line": 48, "column": 33 }, "end": { "line": 48, "column": 67 } },
        "locations": [
          { "start": { "line": 48, "column": 33 }, "end": { "line": 48, "column": 67 } }
        ]
      },
      "16": {
        "type": "branch",
        "line": 60,
        "loc": { "start": { "line": 60, "column": 7 }, "end": { "line": 73, "column": 1 } },
        "locations": [{ "start": { "line": 60, "column": 7 }, "end": { "line": 73, "column": 1 } }]
      },
      "17": {
        "type": "branch",
        "line": 69,
        "loc": { "start": { "line": 69, "column": 6 }, "end": { "line": 69, "column": 22 } },
        "locations": [{ "start": { "line": 69, "column": 6 }, "end": { "line": 69, "column": 22 } }]
      },
      "18": {
        "type": "branch",
        "line": 69,
        "loc": { "start": { "line": 69, "column": 27 }, "end": { "line": 73, "column": 1 } },
        "locations": [{ "start": { "line": 69, "column": 27 }, "end": { "line": 73, "column": 1 } }]
      },
      "19": {
        "type": "branch",
        "line": 65,
        "loc": { "start": { "line": 65, "column": 9 }, "end": { "line": 65, "column": 36 } },
        "locations": [{ "start": { "line": 65, "column": 9 }, "end": { "line": 65, "column": 36 } }]
      },
      "20": {
        "type": "branch",
        "line": 67,
        "loc": { "start": { "line": 67, "column": 24 }, "end": { "line": 67, "column": 60 } },
        "locations": [
          { "start": { "line": 67, "column": 24 }, "end": { "line": 67, "column": 60 } }
        ]
      },
      "21": {
        "type": "branch",
        "line": 76,
        "loc": { "start": { "line": 76, "column": 7 }, "end": { "line": 80, "column": 1 } },
        "locations": [{ "start": { "line": 76, "column": 7 }, "end": { "line": 80, "column": 1 } }]
      },
      "22": {
        "type": "branch",
        "line": 77,
        "loc": { "start": { "line": 77, "column": 34 }, "end": { "line": 77, "column": 47 } },
        "locations": [
          { "start": { "line": 77, "column": 34 }, "end": { "line": 77, "column": 47 } }
        ]
      },
      "23": {
        "type": "branch",
        "line": 83,
        "loc": { "start": { "line": 83, "column": 7 }, "end": { "line": 87, "column": 1 } },
        "locations": [{ "start": { "line": 83, "column": 7 }, "end": { "line": 87, "column": 1 } }]
      },
      "24": {
        "type": "branch",
        "line": 85,
        "loc": { "start": { "line": 85, "column": 46 }, "end": { "line": 87, "column": 1 } },
        "locations": [{ "start": { "line": 85, "column": 46 }, "end": { "line": 87, "column": 1 } }]
      }
    },
    "b": {
      "0": [7],
      "1": [5],
      "2": [14],
      "3": [5],
      "4": [0],
      "5": [0],
      "6": [9],
      "7": [7],
      "8": [2],
      "9": [7],
      "10": [0],
      "11": [2],
      "12": [1],
      "13": [1],
      "14": [3],
      "15": [2],
      "16": [4],
      "17": [3],
      "18": [2],
      "19": [4],
      "20": [4],
      "21": [4],
      "22": [0],
      "23": [2],
      "24": [1]
    },
    "fnMap": {
      "0": {
        "name": "findConfig",
        "decl": { "start": { "line": 20, "column": 7 }, "end": { "line": 37, "column": 1 } },
        "loc": { "start": { "line": 20, "column": 7 }, "end": { "line": 37, "column": 1 } },
        "line": 20
      },
      "1": {
        "name": "discover",
        "decl": { "start": { "line": 40, "column": 0 }, "end": { "line": 51, "column": 1 } },
        "loc": { "start": { "line": 40, "column": 0 }, "end": { "line": 51, "column": 1 } },
        "line": 40
      },
      "2": {
        "name": "loadIndex",
        "decl": { "start": { "line": 60, "column": 7 }, "end": { "line": 73, "column": 1 } },
        "loc": { "start": { "line": 60, "column": 7 }, "end": { "line": 73, "column": 1 } },
        "line": 60
      },
      "3": {
        "name": "isIgnored",
        "decl": { "start": { "line": 76, "column": 7 }, "end": { "line": 80, "column": 1 } },
        "loc": { "start": { "line": 76, "column": 7 }, "end": { "line": 80, "column": 1 } },
        "line": 76
      },
      "4": {
        "name": "indexFor",
        "decl": { "start": { "line": 83, "column": 7 }, "end": { "line": 87, "column": 1 } },
        "loc": { "start": { "line": 83, "column": 7 }, "end": { "line": 87, "column": 1 } },
        "line": 83
      }
    },
    "f": { "0": 7, "1": 2, "2": 4, "3": 4, "4": 2 }
  },
  "/Users/oddur/Code/ds0/packages/core/src/css-source.ts": {
    "path": "/Users/oddur/Code/ds0/packages/core/src/css-source.ts",
    "all": false,
    "statementMap": {
      "0": { "start": { "line": 1, "column": 0 }, "end": { "line": 1, "column": 39 } },
      "1": { "start": { "line": 2, "column": 0 }, "end": { "line": 2, "column": 45 } },
      "2": { "start": { "line": 3, "column": 0 }, "end": { "line": 3, "column": 52 } },
      "3": { "start": { "line": 4, "column": 0 }, "end": { "line": 4, "column": 47 } },
      "4": { "start": { "line": 5, "column": 0 }, "end": { "line": 5, "column": 59 } },
      "5": { "start": { "line": 6, "column": 0 }, "end": { "line": 6, "column": 85 } },
      "16": { "start": { "line": 17, "column": 0 }, "end": { "line": 17, "column": 60 } },
      "17": { "start": { "line": 18, "column": 0 }, "end": { "line": 18, "column": 90 } },
      "18": { "start": { "line": 19, "column": 0 }, "end": { "line": 19, "column": 30 } },
      "20": { "start": { "line": 21, "column": 0 }, "end": { "line": 21, "column": 29 } },
      "21": { "start": { "line": 22, "column": 0 }, "end": { "line": 22, "column": 43 } },
      "22": { "start": { "line": 23, "column": 0 }, "end": { "line": 23, "column": 62 } },
      "23": { "start": { "line": 24, "column": 0 }, "end": { "line": 24, "column": 52 } },
      "24": { "start": { "line": 25, "column": 0 }, "end": { "line": 25, "column": 50 } },
      "25": { "start": { "line": 26, "column": 0 }, "end": { "line": 26, "column": 38 } },
      "26": { "start": { "line": 27, "column": 0 }, "end": { "line": 27, "column": 36 } },
      "27": { "start": { "line": 28, "column": 0 }, "end": { "line": 28, "column": 38 } },
      "30": { "start": { "line": 31, "column": 0 }, "end": { "line": 31, "column": 43 } },
      "31": { "start": { "line": 32, "column": 0 }, "end": { "line": 32, "column": 31 } },
      "32": { "start": { "line": 33, "column": 0 }, "end": { "line": 33, "column": 24 } },
      "33": { "start": { "line": 34, "column": 0 }, "end": { "line": 34, "column": 21 } },
      "34": { "start": { "line": 35, "column": 0 }, "end": { "line": 35, "column": 55 } },
      "35": { "start": { "line": 36, "column": 0 }, "end": { "line": 36, "column": 9 } },
      "36": { "start": { "line": 37, "column": 0 }, "end": { "line": 37, "column": 7 } },
      "37": { "start": { "line": 38, "column": 0 }, "end": { "line": 38, "column": 3 } },
      "40": { "start": { "line": 41, "column": 0 }, "end": { "line": 41, "column": 24 } },
      "41": { "start": { "line": 42, "column": 0 }, "end": { "line": 42, "column": 69 } },
      "42": { "start": { "line": 43, "column": 0 }, "end": { "line": 43, "column": 99 } },
      "43": { "start": { "line": 44, "column": 0 }, "end": { "line": 44, "column": 5 } },
      "44": { "start": { "line": 45, "column": 0 }, "end": { "line": 45, "column": 3 } },
      "46": { "start": { "line": 47, "column": 0 }, "end": { "line": 47, "column": 29 } },
      "47": { "start": { "line": 48, "column": 0 }, "end": { "line": 48, "column": 51 } },
      "48": { "start": { "line": 49, "column": 0 }, "end": { "line": 49, "column": 62 } },
      "49": { "start": { "line": 50, "column": 0 }, "end": { "line": 50, "column": 40 } },
      "50": { "start": { "line": 51, "column": 0 }, "end": { "line": 51, "column": 17 } },
      "51": { "start": { "line": 52, "column": 0 }, "end": { "line": 52, "column": 11 } },
      "52": { "start": { "line": 53, "column": 0 }, "end": { "line": 53, "column": 12 } },
      "53": { "start": { "line": 54, "column": 0 }, "end": { "line": 54, "column": 38 } },
      "54": { "start": { "line": 55, "column": 0 }, "end": { "line": 55, "column": 13 } },
      "55": { "start": { "line": 56, "column": 0 }, "end": { "line": 56, "column": 38 } },
      "56": { "start": { "line": 57, "column": 0 }, "end": { "line": 57, "column": 50 } },
      "57": { "start": { "line": 58, "column": 0 }, "end": { "line": 58, "column": 7 } },
      "58": { "start": { "line": 59, "column": 0 }, "end": { "line": 59, "column": 3 } },
      "59": { "start": { "line": 60, "column": 0 }, "end": { "line": 60, "column": 29 } },
      "60": { "start": { "line": 61, "column": 0 }, "end": { "line": 61, "column": 1 } },
      "62": { "start": { "line": 63, "column": 0 }, "end": { "line": 63, "column": 48 } },
      "63": { "start": { "line": 64, "column": 0 }, "end": { "line": 64, "column": 73 } },
      "64": { "start": { "line": 65, "column": 0 }, "end": { "line": 65, "column": 89 } },
      "65": { "start": { "line": 66, "column": 0 }, "end": { "line": 66, "column": 3 } },
[...]
      "71": { "start": { "line": 72, "column": 0 }, "end": { "line": 72, "column": 12 } },
      "72": { "start": { "line": 73, "column": 0 }, "end": { "line": 73, "column": 29 } },
      "73": { "start": { "line": 74, "column": 0 }, "end": { "line": 74, "column": 38 } },
      "74": { "start": { "line": 75, "column": 0 }, "end": { "line": 75, "column": 30 } },
      "75": { "start": { "line": 76, "column": 0 }, "end": { "line": 76, "column": 51 } },
      "76": { "start": { "line": 77, "column": 0 }, "end": { "line": 77, "column": 40 } },
      "77": { "start": { "line": 78, "column": 0 }, "end": { "line": 78, "column": 42 } },
      "78": { "start": { "line": 79, "column": 0 }, "end": { "line": 79, "column": 50 } },
      "79": { "start": { "line": 80, "column": 0 }, "end": { "line": 80, "column": 82 } },
      "80": { "start": { "line": 81, "column": 0 }, "end": { "line": 81, "column": 3 } },
      "81": { "start": { "line": 82, "column": 0 }, "end": { "line": 82, "column": 29 } },
      "82": { "start": { "line": 83, "column": 0 }, "end": { "line": 83, "column": 1 } },
      "85": { "start": { "line": 86, "column": 0 }, "end": { "line": 86, "column": 82 } },
      "86": { "start": { "line": 87, "column": 0 }, "end": { "line": 87, "column": 30 } },
      "87": { "start": { "line": 88, "column": 0 }, "end": { "line": 88, "column": 46 } },
      "88": { "start": { "line": 89, "column": 0 }, "end": { "line": 89, "column": 51 } },
      "89": { "start": { "line": 90, "column": 0 }, "end": { "line": 90, "column": 55 } },
      "90": { "start": { "line": 91, "column": 0 }, "end": { "line": 91, "column": 3 } },
      "91": { "start": { "line": 92, "column": 0 }, "end": { "line": 92, "column": 29 } },
      "92": { "start": { "line": 93, "column": 0 }, "end": { "line": 93, "column": 1 } },
      "94": { "start": { "line": 95, "column": 0 }, "end": { "line": 95, "column": 56 } },
      "95": { "start": { "line": 96, "column": 0 }, "end": { "line": 96, "column": 73 } },
      "96": { "start": { "line": 97, "column": 0 }, "end": { "line": 97, "column": 1 } },
      "98": { "start": { "line": 99, "column": 0 }, "end": { "line": 99, "column": 52 } },
      "99": { "start": { "line": 100, "column": 0 }, "end": { "line": 100, "column": 24 } },
      "100": { "start": { "line": 101, "column": 0 }, "end": { "line": 101, "column": 21 } },
      "101": { "start": { "line": 102, "column": 0 }, "end": { "line": 102, "column": 21 } },
      "102": { "start": { "line": 103, "column": 0 }, "end": { "line": 103, "column": 56 } },
      "103": { "start": { "line": 104, "column": 0 }, "end": { "line": 104, "column": 32 } },
      "104": { "start": { "line": 105, "column": 0 }, "end": { "line": 105, "column": 24 } },
      "105": { "start": { "line": 106, "column": 0 }, "end": { "line": 106, "column": 34 } },
      "106": { "start": { "line": 107, "column": 0 }, "end": { "line": 107, "column": 28 } },
      "107": { "start": { "line": 108, "column": 0 }, "end": { "line": 108, "column": 32 } },
      "108": { "start": { "line": 109, "column": 0 }, "end": { "line": 109, "column": 39 } },
      "109": { "start": { "line": 110, "column": 0 }, "end": { "line": 110, "column": 66 } },
      "110": { "start": { "line": 111, "column": 0 }, "end": { "line": 111, "column": 8 } },
      "111": { "start": { "line": 112, "column": 0 }, "end": { "line": 112, "column": 5 } },
      "112": { "start": { "line": 113, "column": 0 }, "end": { "line": 113, "column": 19 } },
      "113": { "start": { "line": 114, "column": 0 }, "end": { "line": 114, "column": 3 } },
      "114": { "start": { "line": 115, "column": 0 }, "end": { "line": 115, "column": 27 } },
      "115": { "start": { "line": 116, "column": 0 }, "end": { "line": 116, "column": 1 } }
    },
    "s": {
      "0": 1,
      "18": 1,
      "20": 1,
      "23": 8,
      "24": 8,
      "25": 8,
      "26": 8,
      "27": 8,
      "28": 8,
      "31": 1,
      "32": 4,
      "33": 4,
      "34": 4,
      "35": 4,
      "36": 4,
      "37": 4,
      "38": 4,
      "39": 4,
      "40": 4,
      "41": 8,
      "42": 8,
      "43": 8,
      "44": 8,
      "45": 8,
      "46": 1,
      "47": 7,
      "48": 1,
      "49": 6,
      "50": 8,
      "51": 8,
      "52": 4,
      "53": 4,
      "55": 1,
      "58": 1,
      "59": 11,
      "60": 11,
      "61": 11,
      "62": 11,
      "63": 11,
      "66": 1,
      "67": 4,
      "68": 4,
      "69": 4,
      "70": 4,
      "71": 4,
      "72": 4,
      "73": 4,
      "74": 4,
      "75": 4,
      "76": 7,
      "77": 7,
      "78": 7,
      "79": 7,
      "80": 7,
      "81": 4,
      "82": 4,
      "85": 1,
      "86": 2,
      "87": 2,
      "88": 12,
      "89": 12,
      "90": 12,
      "91": 2,
      "92": 2,
      "94": 10,
      "95": 10,
      "96": 10,
      "98": 12,
      "99": 12,
      "100": 12,
      "101": 12,
      "102": 12,
      "103": 12,
      "104": 156,
      "105": 156,
      "106": 1872,
      "107": 1872,
      "108": 1872,
      "109": 1872,
      "110": 1872,
      "111": 1872,
      "112": 156,
      "113": 156,
      "114": 12,
      "115": 12
    },
    "branchMap": {
      "0": {
        "type": "branch",
        "line": 24,
        "loc": { "start": { "line": 24, "column": 0 }, "end": { "line": 29, "column": 1 } },
        "locations": [{ "start": { "line": 24, "column": 0 }, "end": { "line": 29, "column": 1 } }]
      },
      "1": {
        "type": "branch",
        "line": 28,
        "loc": { "start": { "line": 28, "column": 42 }, "end": { "line": 28, "column": 57 } },
        "locations": [
          { "start": { "line": 28, "column": 42 }, "end": { "line": 28, "column": 57 } }
        ]
      },
      "2": {
        "type": "branch",
        "line": 32,
        "loc": { "start": { "line": 32, "column": 7 }, "end": { "line": 54, "column": 1 } },
        "locations": [{ "start": { "line": 32, "column": 7 }, "end": { "line": 54, "column": 1 } }]
      },
      "3": {
        "type": "branch",
        "line": 39,
        "loc": { "start": { "line": 39, "column": 15 }, "end": { "line": 39, "column": 25 } },
        "locations": [
          { "start": { "line": 39, "column": 15 }, "end": { "line": 39, "column": 25 } }
        ]
      },
      "4": {
        "type": "branch",
        "line": 41,
        "loc": { "start": { "line": 41, "column": 49 }, "end": { "line": 52, "column": 3 } },
        "locations": [{ "start": { "line": 41, "column": 49 }, "end": { "line": 52, "column": 3 } }]
      },
      "5": {
        "type": "branch",
        "line": 43,
        "loc": { "start": { "line": 43, "column": 20 }, "end": { "line": 43, "column": 29 } },
        "locations": [
          { "start": { "line": 43, "column": 20 }, "end": { "line": 43, "column": 29 } }
        ]
      },
      "6": {
        "type": "branch",
        "line": 46,
        "loc": { "start": { "line": 46, "column": 28 }, "end": { "line": 47, "column": 17 } },
        "locations": [
          { "start": { "line": 46, "column": 28 }, "end": { "line": 47, "column": 17 } }
        ]
      },
      "7": {
        "type": "branch",
        "line": 47,
        "loc": { "start": { "line": 47, "column": 10 }, "end": { "line": 50, "column": 22 } },
        "locations": [
          { "start": { "line": 47, "column": 10 }, "end": { "line": 50, "column": 22 } }
        ]
      },
      "8": {
        "type": "branch",
        "line": 48,
        "loc": { "start": { "line": 48, "column": 32 }, "end": { "line": 49, "column": 19 } },
        "locations": [
          { "start": { "line": 48, "column": 32 }, "end": { "line": 49, "column": 19 } }
        ]
      },
      "9": {
        "type": "branch",
        "line": 49,
        "loc": { "start": { "line": 49, "column": 12 }, "end": { "line": 50, "column": 22 } },
        "locations": [
          { "start": { "line": 49, "column": 12 }, "end": { "line": 50, "column": 22 } }
        ]
      },
      "10": {
        "type": "branch",
        "line": 59,
        "loc": { "start": { "line": 59, "column": 7 }, "end": { "line": 64, "column": 1 } },
        "locations": [{ "start": { "line": 59, "column": 7 }, "end": { "line": 64, "column": 1 } }]
      },
      "11": {
        "type": "branch",
        "line": 61,
        "loc": { "start": { "line": 61, "column": 14 }, "end": { "line": 61, "column": 58 } },
        "locations": [
          { "start": { "line": 61, "column": 14 }, "end": { "line": 61, "column": 58 } }
        ]
      },
      "12": {
        "type": "branch",
        "line": 63,
        "loc": { "start": { "line": 63, "column": 18 }, "end": { "line": 63, "column": 42 } },
        "locations": [
          { "start": { "line": 63, "column": 18 }, "end": { "line": 63, "column": 42 } }
        ]
      },
      "13": {
        "type": "branch",
        "line": 67,
        "loc": { "start": { "line": 67, "column": 7 }, "end": { "line": 83, "column": 1 } },
        "locations": [{ "start": { "line": 67, "column": 7 }, "end": { "line": 83, "column": 1 } }]
      },
      "14": {
        "type": "branch",
        "line": 74,
        "loc": { "start": { "line": 74, "column": 28 }, "end": { "line": 74, "column": 38 } },
        "locations": [
          { "start": { "line": 74, "column": 28 }, "end": { "line": 74, "column": 38 } }
        ]
      },
      "15": {
        "type": "branch",
        "line": 76,
        "loc": { "start": { "line": 76, "column": 50 }, "end": { "line": 81, "column": 3 } },
        "locations": [{ "start": { "line": 76, "column": 50 }, "end": { "line": 81, "column": 3 } }]
      },
      "16": {
        "type": "branch",
        "line": 78,
        "loc": { "start": { "line": 78, "column": 33 }, "end": { "line": 78, "column": 42 } },
        "locations": [
          { "start": { "line": 78, "column": 33 }, "end": { "line": 78, "column": 42 } }
        ]
      },
      "17": {
        "type": "branch",
        "line": 80,
        "loc": { "start": { "line": 80, "column": 55 }, "end": { "line": 80, "column": 69 } },
        "locations": [
          { "start": { "line": 80, "column": 55 }, "end": { "line": 80, "column": 69 } }
        ]
      },
      "18": {
        "type": "branch",
        "line": 80,
        "loc": { "start": { "line": 80, "column": 59 }, "end": { "line": 80, "column": 79 } },
        "locations": [
          { "start": { "line": 80, "column": 59 }, "end": { "line": 80, "column": 79 } }
        ]
      },
      "19": {
        "type": "branch",
        "line": 86,
        "loc": { "start": { "line": 86, "column": 7 }, "end": { "line": 93, "column": 1 } },
        "locations": [{ "start": { "line": 86, "column": 7 }, "end": { "line": 93, "column": 1 } }]
      },
      "20": {
        "type": "branch",
        "line": 88,
        "loc": { "start": { "line": 88, "column": 45 }, "end": { "line": 91, "column": 3 } },
        "locations": [{ "start": { "line": 88, "column": 45 }, "end": { "line": 91, "column": 3 } }]
      },
      "21": {
        "type": "branch",
        "line": 95,
        "loc": { "start": { "line": 95, "column": 0 }, "end": { "line": 97, "column": 1 } },
        "locations": [{ "start": { "line": 95, "column": 0 }, "end": { "line": 97, "column": 1 } }]
      },
      "22": {
        "type": "branch",
        "line": 96,
        "loc": { "start": { "line": 96, "column": 22 }, "end": { "line": 96, "column": 55 } },
        "locations": [
          { "start": { "line": 96, "column": 22 }, "end": { "line": 96, "column": 55 } }
        ]
      },
      "23": {
        "type": "branch",
        "line": 99,
        "loc": { "start": { "line": 99, "column": 0 }, "end": { "line": 116, "column": 1 } },
        "locations": [{ "start": { "line": 99, "column": 0 }, "end": { "line": 116, "column": 1 } }]
      },
      "24": {
        "type": "branch",
        "line": 100,
        "loc": { "start": { "line": 100, "column": 15 }, "end": { "line": 100, "column": 24 } },
        "locations": [
          { "start": { "line": 100, "column": 15 }, "end": { "line": 100, "column": 24 } }
        ]
      },
      "25": {
        "type": "branch",
        "line": 104,
        "loc": { "start": { "line": 104, "column": 31 }, "end": { "line": 114, "column": 3 } },
        "locations": [
          { "start": { "line": 104, "column": 31 }, "end": { "line": 114, "column": 3 } }
        ]
      },
      "26": {
        "type": "branch",
        "line": 106,
        "loc": { "start": { "line": 106, "column": 33 }, "end": { "line": 112, "column": 5 } },
        "locations": [
          { "start": { "line": 106, "column": 33 }, "end": { "line": 112, "column": 5 } }
        ]
      },
      "27": {
        "type": "branch",
        "line": 110,
        "loc": { "start": { "line": 110, "column": 55 }, "end": { "line": 110, "column": 63 } },
        "locations": [
          { "start": { "line": 110, "column": 55 }, "end": { "line": 110, "column": 63 } }
        ]
      },
      "28": {
        "type": "branch",
        "line": 110,
        "loc": { "start": { "line": 110, "column": 59 }, "end": { "line": 110, "column": 66 } },
        "locations": [
          { "start": { "line": 110, "column": 59 }, "end": { "line": 110, "column": 66 } }
        ]
      },
      "29": {
        "type": "branch",
        "line": 103,
        "loc": { "start": { "line": 103, "column": 43 }, "end": { "line": 103, "column": 54 } },
        "locations": [
          { "start": { "line": 103, "column": 43 }, "end": { "line": 103, "column": 54 } }
        ]
      }
    },
    "b": {
      "0": [8],
      "1": [6],
      "2": [4],
      "3": [0],
      "4": [8],
      "5": [0],
      "6": [1],
      "7": [7],
      "8": [1],
      "9": [6],
      "10": [11],
      "11": [0],
      "12": [0],
      "13": [4],
      "14": [0],
      "15": [7],
      "16": [0],
      "17": [1],
      "18": [6],
      "19": [2],
      "20": [12],
      "21": [10],
      "22": [25],
      "23": [12],
      "24": [0],
      "25": [156],
      "26": [1872],
      "27": [180],
      "28": [1692],
      "29": [156]
    },
    "fnMap": {
      "0": {
        "name": "deltaEOK",
        "decl": { "start": { "line": 24, "column": 0 }, "end": { "line": 29, "column": 1 } },
        "loc": { "start": { "line": 24, "column": 0 }, "end": { "line": 29, "column": 1 } },
        "line": 24
      },
      "1": {
        "name": "nearestColor",
        "decl": { "start": { "line": 32, "column": 7 }, "end": { "line": 54, "column": 1 } },
        "loc": { "start": { "line": 32, "column": 7 }, "end": { "line": 54, "column": 1 } },
        "line": 32
      },
      "2": {
        "name": "toPx",
        "decl": { "start": { "line": 59, "column": 7 }, "end": { "line": 64, "column": 1 } },
        "loc": { "start": { "line": 59, "column": 7 }, "end": { "line": 64, "column": 1 } },
        "line": 59
      },
      "3": {
        "name": "nearestLength",
        "decl": { "start": { "line": 67, "column": 7 }, "end": { "line": 83, "column": 1 } },
        "loc": { "start": { "line": 67, "column": 7 }, "end": { "line": 83, "column": 1 } },
        "line": 67
      },
      "4": {
        "name": "nearestName",
        "decl": { "start": { "line": 86, "column": 7 }, "end": { "line": 93, "column": 1 } },
        "loc": { "start": { "line": 86, "column": 7 }, "end": { "line": 93, "column": 1 } },
        "line": 86
      },
      "5": {
        "name": "top",
        "decl": { "start": { "line": 95, "column": 0 }, "end": { "line": 97, "column": 1 } },
        "loc": { "start": { "line": 95, "column": 0 }, "end": { "line": 97, "column": 1 } },
        "line": 95
      },
      "6": {
        "name": "levenshtein",
        "decl": { "start": { "line": 99, "column": 0 }, "end": { "line": 116, "column": 1 } },
        "loc": { "start": { "line": 99, "column": 0 }, "end": { "line": 116, "column": 1 } },
        "line": 99
      }
    },
    "f": { "0": 8, "1": 4, "2": 11, "3": 4, "4": 2, "5": 10, "6": 12 }
  },
  "/Users/oddur/Code/ds0/packages/core/src/types.ts": {
    "path": "/Users/oddur/Code/ds0/packages/core/src/types.ts",
    "all": false,
    "statementMap": {
      "35": { "start": { "line": 36, "column": 0 }, "end": { "line": 36, "column": 66 } },
      "36": { "start": { "line": 37, "column": 0 }, "end": { "line": 37, "column": 39 } },
      "37": { "start": { "line": 38, "column": 0 }, "end": { "line": 38, "column": 45 } },
      "38": { "start": { "line": 39, "column": 0 }, "end": { "line": 39, "column": 47 } },
      "39": { "start": { "line": 40, "column": 0 }, "end": { "line": 40, "column": 33 } },
      "40": { "start": { "line": 41, "column": 0 }, "end": { "line": 41, "column": 49 } },
      "41": { "start": { "line": 42, "column": 0 }, "end": { "line": 42, "column": 19 } },
      "42": { "start": { "line": 43, "column": 0 }, "end": { "line": 43, "column": 36 } },
      "43": { "start": { "line": 44, "column": 0 }, "end": { "line": 44, "column": 3 } },
      "44": { "start": { "line": 45, "column": 0 }, "end": { "line": 45, "column": 10 } },
      "45": { "start": { "line": 46, "column": 0 }, "end": { "line": 46, "column": 16 } },
      "46": { "start": { "line": 47, "column": 0 }, "end": { "line": 47, "column": 58 } },
      "47": { "start": { "line": 48, "column": 0 }, "end": { "line": 48, "column": 4 } },
      "48": { "start": { "line": 49, "column": 0 }, "end": { "line": 49, "column": 1 } }
    },
    "s": {
      "35": 1,
      "36": 13,
      "37": 13,
      "38": 13,
      "39": 13,
      "40": 452,
      "41": 452,
      "42": 452,
      "43": 452,
      "44": 13,
      "45": 13,
      "46": 13,
      "47": 13,
      "48": 13
    },
    "branchMap": {
      "0": {
        "type": "branch",
        "line": 36,
        "loc": { "start": { "line": 36, "column": 7 }, "end": { "line": 49, "column": 1 } },
        "locations": [{ "start": { "line": 36, "column": 7 }, "end": { "line": 49, "column": 1 } }]
      },
      "1": {
        "type": "branch",
        "line": 38,
        "loc": { "start": { "line": 38, "column": 26 }, "end": { "line": 38, "column": 45 } },
        "locations": [
          { "start": { "line": 38, "column": 26 }, "end": { "line": 38, "column": 45 } }
        ]
      },
      "2": {
        "type": "branch",
        "line": 40,
        "loc": { "start": { "line": 40, "column": 32 }, "end": { "line": 44, "column": 3 } },
        "locations": [{ "start": { "line": 40, "column": 32 }, "end": { "line": 44, "column": 3 } }]
      },
      "3": {
        "type": "branch",
        "line": 41,
        "loc": { "start": { "line": 41, "column": 41 }, "end": { "line": 41, "column": 49 } },
        "locations": [
          { "start": { "line": 41, "column": 41 }, "end": { "line": 41, "column": 49 } }
        ]
      },
      "4": {
        "type": "branch",
        "line": 47,
        "loc": { "start": { "line": 47, "column": 16 }, "end": { "line": 47, "column": 58 } },
        "locations": [
          { "start": { "line": 47, "column": 16 }, "end": { "line": 47, "column": 58 } }
        ]
      },
      "5": {
        "type": "branch",
        "line": 47,
        "loc": { "start": { "line": 47, "column": 50 }, "end": { "line": 47, "column": 58 } },
        "locations": [
          { "start": { "line": 47, "column": 50 }, "end": { "line": 47, "column": 58 } }
        ]
      }
    },
    "b": { "0": [13], "1": [452], "2": [452], "3": [37], "4": [12], "5": [1] },
    "fnMap": {
      "0": {
        "name": "createIndex",
        "decl": { "start": { "line": 36, "column": 7 }, "end": { "line": 49, "column": 1 } },
        "loc": { "start": { "line": 36, "column": 7 }, "end": { "line": 49, "column": 1 } },
        "line": 36
      },
      "1": {
        "name": "byCategory",
        "decl": { "start": { "line": 47, "column": 16 }, "end": { "line": 47, "column": 58 } },
        "loc": { "start": { "line": 47, "column": 16 }, "end": { "line": 47, "column": 58 } },
        "line": 47
      }
    },
    "f": { "0": 13, "1": 12 }
  }
}
